<?xml version="1.0" encoding="UTF-8"?>
<testsuite xmlns:xsi="http://www.w3.org/2001/XMLSchema-instance" xsi:noNamespaceSchemaLocation="https://maven.apache.org/surefire/maven-surefire-plugin/xsd/surefire-test-report.xsd" version="3.0.2" name="gestors.TestGestor" time="1.663" tests="21" errors="0" skipped="0" failures="0">
  <properties>
[...]
</properties>
  <testcase name="testEsborraEstacio(String)[1]" classname="testEsborraEstacio(String)[1]" time="0.255">
    <system-out><![CDATA[[EL Info]: 2026-04-20 23:25:15.851--ServerSession(1792227359)--EclipseLink, version: Eclipse Persistence Services - 2.7.12.v20230209-e5c4074ef3
]]></system-out>
  </testcase>
  <testcase name="testEsborraEstacio(String)[2]" classname="testEsborraEstacio(String)[2]" time="0.038"/>
  <testcase name="testEsborraEstacio(String)[3]" classname="testEsborraEstacio(String)[3]" time="0.031"/>
  <testcase name="testObtePistesNordiquesPerTrepitjada(boolean)[1]" classname="testObtePistesNordiquesPerTrepitjada(boolean)[1]" time="0.043"/>
  <testcase name="testObtePistesNordiquesPerTrepitjada(boolean)[2]" classname="testObtePistesNordiquesPerTrepitjada(boolean)[2]" time="0.024"/>
  <testcase name="testObteItinerarisRaquetesFinsTemps" classname="testObteItinerarisRaquetesFinsTemps()" time="0.026"/>
  <testcase name="testActualitzaObertaPista(String, boolean, double)[1]" classname="testActualitzaObertaPista(String, boolean, double)[1]" time="0.028"/>
  <testcase name="testActualitzaObertaPista(String, boolean, double)[2]" classname="testActualitzaObertaPista(String, boolean, double)[2]" time="0.021"/>
  <testcase name="testActualitzaObertaPista(String, boolean, double)[3]" classname="testActualitzaObertaPista(String, boolean, double)[3]" time="0.018"/>
  <testcase name="testActualitzaObertaPista(String, boolean, double)[4]" classname="testActualitzaObertaPista(String, boolean, double)[4]" time="0.018"/>
  <testcase name="testActualitzaGruixNeuPista" classname="testActualitzaGruixNeuPista()" time="0.017"/>
  <testcase name="testAfegeixPista(int)[1]" classname="testAfegeixPista(int)[1]" time="0.02"/>
  <testcase name="testAfegeixPista(int)[2]" classname="testAfegeixPista(int)[2]" time="0.019"/>
  <testcase name="testAfegeixPista(int)[3]" classname="testAfegeixPista(int)[3]" time="0.021"/>
  <testcase name="testObteTotesEstacions" classname="testObteTotesEstacions()" time="0.015"/>
  <testcase name="testAfegeixEstacio" classname="testAfegeixEstacio()" time="0.016"/>
  <testcase name="testObtePistesAlpinesEstacioPerColor(String, String, String)[1]" classname="testObtePistesAlpinesEstacioPerColor(String, String, String)[1]" time="0.019"/>
  <testcase name="testObtePistesAlpinesEstacioPerColor(String, String, String)[2]" classname="testObtePistesAlpinesEstacioPerColor(String, String, String)[2]" time="0.015"/>
  <testcase name="testObtePistesAlpinesEstacioPerColor(String, String, String)[3]" classname="testObtePistesAlpinesEstacioPerColor(String, String, String)[3]" time="0.015"/>
  <testcase name="testObtePistesAlpinesEstacioPerColor(String, String, String)[4]" classname="testObtePistesAlpinesEstacioPerColor(String, String, String)[4]" time="0.013"/>
  <testcase name="testEsborraPista" classname="testEsborraPista()" time="0.053"/>
</testsuite>