# JRE version: OpenJDK Runtime Environment Temurin-21.0.9+10 (21.0.9+10) (build 21.0.9+10-LTS)
# Java VM: OpenJDK 64-Bit Server VM Temurin-21.0.9+10 (21.0.9+10-LTS, mixed mode, sharing, tiered, compressed oops, compressed class ptrs, parallel gc, windows-amd64)
GC Precious Log:
 CardTable entry size: 512
 CPUs: 12 total, 12 available
 Memory: 32678M
 Large Page Support: Disabled
 NUMA Support: Disabled
 Compressed Oops: Enabled (32-bit)
 Alignments: Space 512K, Generation 512K, Heap 2M
 Heap Min Capacity: 100M
 Heap Initial Capacity: 100M
 Heap Max Capacity: 2G
 Pre-touch: Disabled
 Parallel Workers: 10
Heap:
 PSYoungGen      total 7680K, used 7103K [0x00000000d5580000, 0x00000000d5e80000, 0x0000000100000000)
  eden space 6144K, 97% used [0x00000000d5580000,0x00000000d5b5d8a8,0x00000000d5b80000)
  from space 1536K, 71% used [0x00000000d5b80000,0x00000000d5c92480,0x00000000d5d00000)
  to   space 1536K, 0% used [0x00000000d5d00000,0x00000000d5d00000,0x00000000d5e80000)
 ParOldGen       total 513536K, used 513070K [0x0000000080000000, 0x000000009f580000, 0x00000000d5580000)
  object space 513536K, 99% used [0x0000000080000000,0x000000009f50b9b0,0x000000009f580000)
 Metaspace       used 65826K, committed 67136K, reserved 1114112K
  class space    used 7137K, committed 7680K, reserved 1048576K
GC Heap History (20 events):
Event: 8.434 GC heap before
{Heap before GC invocations=313 (full 3):
 PSYoungGen      total 2560K, used 2559K [0x00000000d5580000, 0x00000000d5b80000, 0x0000000100000000)
  eden space 1536K, 99% used [0x00000000d5580000,0x00000000d56fffe8,0x00000000d5700000)
  from space 1024K, 100% used [0x00000000d5700000,0x00000000d5800000,0x00000000d5800000)
  to   space 2048K, 0% used [0x00000000d5980000,0x00000000d5980000,0x00000000d5b80000)
 ParOldGen       total 498688K, used 498630K [0x0000000080000000, 0x000000009e700000, 0x00000000d5580000)
  object space 498688K, 99% used [0x0000000080000000,0x000000009e6f1910,0x000000009e700000)
 Metaspace       used 64207K, committed 65536K, reserved 1114112K
  class space    used 6982K, committed 7488K, reserved 1048576K
}
Event: 8.435 GC heap after
{Heap after GC invocations=313 (full 3):
 PSYoungGen      total 3584K, used 1088K [0x00000000d5580000, 0x00000000d5b00000, 0x0000000100000000)
  eden space 2048K, 0% used [0x00000000d5580000,0x00000000d5580000,0x00000000d5780000)
  from space 1536K, 70% used [0x00000000d5980000,0x00000000d5a90000,0x00000000d5b00000)
  to   space 1536K, 0% used [0x00000000d5800000,0x00000000d5800000,0x00000000d5980000)
 ParOldGen       total 499712K, used 499534K [0x0000000080000000, 0x000000009e800000, 0x00000000d5580000)
  object space 499712K, 99% used [0x0000000080000000,0x000000009e7d3910,0x000000009e800000)
 Metaspace       used 64207K, committed 65536K, reserved 1114112K
  class space    used 6982K, committed 7488K, reserved 1048576K
}
Event: 8.437 GC heap before
{Heap before GC invocations=314 (full 3):
 PSYoungGen      total 3584K, used 3136K [0x00000000d5580000, 0x00000000d5b00000, 0x0000000100000000)
  eden space 2048K, 100% used [0x00000000d5580000,0x00000000d5780000,0x00000000d5780000)
  from space 1536K, 70% used [0x00000000d5980000,0x00000000d5a90000,0x00000000d5b00000)
  to   space 1536K, 0% used [0x00000000d5800000,0x00000000d5800000,0x00000000d5980000)
 ParOldGen       total 499712K, used 499534K [0x0000000080000000, 0x000000009e800000, 0x00000000d5580000)
  object space 499712K, 99% used [0x0000000080000000,0x000000009e7d3910,0x000000009e800000)
 Metaspace       used 64240K, committed 65600K, reserved 1114112K
  class space    used 6986K, committed 7552K, reserved 1048576K
}
Event: 8.438 GC heap after
{Heap after GC invocations=314 (full 3):
 PSYoungGen      total 4096K, used 1472K [0x00000000d5580000, 0x00000000d5c00000, 0x0000000100000000)
  eden space 2560K, 0% used [0x00000000d5580000,0x00000000d5580000,0x00000000d5800000)
  from space 1536K, 95% used [0x00000000d5800000,0x00000000d5970000,0x00000000d5980000)
  to   space 2048K, 0% used [0x00000000d5a00000,0x00000000d5a00000,0x00000000d5c00000)
 ParOldGen       total 500736K, used 500478K [0x0000000080000000, 0x000000009e900000, 0x00000000d5580000)
  object space 500736K, 99% used [0x0000000080000000,0x000000009e8bf910,0x000000009e900000)
 Metaspace       used 64240K, committed 65600K, reserved 1114112K
  class space    used 6986K, committed 7552K, reserved 1048576K
}
Event: 8.441 GC heap before
{Heap before GC invocations=315 (full 3):
 PSYoungGen      total 4096K, used 4032K [0x00000000d5580000, 0x00000000d5c00000, 0x0000000100000000)
  eden space 2560K, 100% used [0x00000000d5580000,0x00000000d5800000,0x00000000d5800000)
  from space 1536K, 95% used [0x00000000d5800000,0x00000000d5970000,0x00000000d5980000)
  to   space 2048K, 0% used [0x00000000d5a00000,0x00000000d5a00000,0x00000000d5c00000)
 ParOldGen       total 500736K, used 500478K [0x0000000080000000, 0x000000009e900000, 0x00000000d5580000)
  object space 500736K, 99% used [0x0000000080000000,0x000000009e8bf910,0x000000009e900000)
 Metaspace       used 64284K, committed 65664K, reserved 1114112K
  class space    used 6992K, committed 7552K, reserved 1048576K
}
Event: 8.443 GC heap after
{Heap after GC invocations=315 (full 3):
 PSYoungGen      total 4608K, used 1664K [0x00000000d5580000, 0x00000000d5c80000, 0x0000000100000000)
  eden space 2560K, 0% used [0x00000000d5580000,0x00000000d5580000,0x00000000d5800000)
  from space 2048K, 81% used [0x00000000d5a00000,0x00000000d5ba0000,0x00000000d5c00000)
  to   space 2048K, 0% used [0x00000000d5800000,0x00000000d5800000,0x00000000d5a00000)
 ParOldGen       total 502272K, used 501854K [0x0000000080000000, 0x000000009ea80000, 0x00000000d5580000)
  object space 502272K, 99% used [0x0000000080000000,0x000000009ea17910,0x000000009ea80000)
 Metaspace       used 64284K, committed 65664K, reserved 1114112K
  class space    used 6992K, committed 7552K, reserved 1048576K
}
Event: 8.445 GC heap before
{Heap before GC invocations=316 (full 3):
 PSYoungGen      total 4608K, used 4224K [0x00000000d5580000, 0x00000000d5c80000, 0x0000000100000000)
  eden space 2560K, 100% used [0x00000000d5580000,0x00000000d5800000,0x00000000d5800000)
  from space 2048K, 81% used [0x00000000d5a00000,0x00000000d5ba0000,0x00000000d5c00000)
  to   space 2048K, 0% used [0x00000000d5800000,0x00000000d5800000,0x00000000d5a00000)
 ParOldGen       total 502272K, used 501854K [0x0000000080000000, 0x000000009ea80000, 0x00000000d5580000)
  object space 502272K, 99% used [0x0000000080000000,0x000000009ea17910,0x000000009ea80000)
 Metaspace       used 64383K, committed 65728K, reserved 1114112K
  class space    used 6998K, committed 7552K, reserved 1048576K
}
Event: 8.447 GC heap after
{Heap after GC invocations=316 (full 3):
 PSYoungGen      total 4608K, used 1670K [0x00000000d5580000, 0x00000000d5c80000, 0x0000000100000000)
  eden space 2560K, 0% used [0x00000000d5580000,0x00000000d5580000,0x00000000d5800000)
  from space 2048K, 81% used [0x00000000d5800000,0x00000000d59a1b50,0x00000000d5a00000)
  to   space 2048K, 0% used [0x00000000d5a80000,0x00000000d5a80000,0x00000000d5c80000)
 ParOldGen       total 503808K, used 503406K [0x0000000080000000, 0x000000009ec00000, 0x00000000d5580000)
  object space 503808K, 99% used [0x0000000080000000,0x000000009eb9b910,0x000000009ec00000)
 Metaspace       used 64383K, committed 65728K, reserved 1114112K
  class space    used 6998K, committed 7552K, reserved 1048576K
}
Event: 8.449 GC heap before
{Heap before GC invocations=317 (full 3):
 PSYoungGen      total 4608K, used 4230K [0x00000000d5580000, 0x00000000d5c80000, 0x0000000100000000)
  eden space 2560K, 100% used [0x00000000d5580000,0x00000000d5800000,0x00000000d5800000)
  from space 2048K, 81% used [0x00000000d5800000,0x00000000d59a1b50,0x00000000d5a00000)
  to   space 2048K, 0% used [0x00000000d5a80000,0x00000000d5a80000,0x00000000d5c80000)
 ParOldGen       total 503808K, used 503406K [0x0000000080000000, 0x000000009ec00000, 0x00000000d5580000)
  object space 503808K, 99% used [0x0000000080000000,0x000000009eb9b910,0x000000009ec00000)
 Metaspace       used 64420K, committed 65792K, reserved 1114112K
  class space    used 7001K, committed 7552K, reserved 1048576K
}
Event: 8.451 GC heap after
{Heap after GC invocations=317 (full 3):
 PSYoungGen      total 5120K, used 1888K [0x00000000d5580000, 0x00000000d5c80000, 0x0000000100000000)
  eden space 3072K, 0% used [0x00000000d5580000,0x00000000d5580000,0x00000000d5880000)
  from space 2048K, 92% used [0x00000000d5a80000,0x00000000d5c58020,0x00000000d5c80000)
  to   space 2048K, 0% used [0x00000000d5880000,0x00000000d5880000,0x00000000d5a80000)
 ParOldGen       total 504832K, used 504742K [0x0000000080000000, 0x000000009ed00000, 0x00000000d5580000)
  object space 504832K, 99% used [0x0000000080000000,0x000000009ece9930,0x000000009ed00000)
 Metaspace       used 64420K, committed 65792K, reserved 1114112K
  class space    used 7001K, committed 7552K, reserved 1048576K
}
Event: 8.454 GC heap before
{Heap before GC invocations=318 (full 3):
 PSYoungGen      total 5120K, used 4960K [0x00000000d5580000, 0x00000000d5c80000, 0x0000000100000000)
  eden space 3072K, 100% used [0x00000000d5580000,0x00000000d5880000,0x00000000d5880000)
  from space 2048K, 92% used [0x00000000d5a80000,0x00000000d5c58020,0x00000000d5c80000)
  to   space 2048K, 0% used [0x00000000d5880000,0x00000000d5880000,0x00000000d5a80000)
 ParOldGen       total 504832K, used 504742K [0x0000000080000000, 0x000000009ed00000, 0x00000000d5580000)
  object space 504832K, 99% used [0x0000000080000000,0x000000009ece9930,0x000000009ed00000)
 Metaspace       used 64459K, committed 65856K, reserved 1114112K
  class space    used 7004K, committed 7552K, reserved 1048576K
}
Event: 8.455 GC heap after
{Heap after GC invocations=318 (full 3):
 PSYoungGen      total 5120K, used 2048K [0x00000000d5580000, 0x00000000d6280000, 0x0000000100000000)
  eden space 3072K, 0% used [0x00000000d5580000,0x00000000d5580000,0x00000000d5880000)
  from space 2048K, 100% used [0x00000000d5880000,0x00000000d5a80000,0x00000000d5a80000)
  to   space 4608K, 0% used [0x00000000d5e00000,0x00000000d5e00000,0x00000000d6280000)
 ParOldGen       total 506880K, used 506510K [0x0000000080000000, 0x000000009ef00000, 0x00000000d5580000)
  object space 506880K, 99% used [0x0000000080000000,0x000000009eea3950,0x000000009ef00000)
 Metaspace       used 64459K, committed 65856K, reserved 1114112K
  class space    used 7004K, committed 7552K, reserved 1048576K
}
Event: 8.457 GC heap before
{Heap before GC invocations=319 (full 3):
 PSYoungGen      total 5120K, used 5120K [0x00000000d5580000, 0x00000000d6280000, 0x0000000100000000)
  eden space 3072K, 100% used [0x00000000d5580000,0x00000000d5880000,0x00000000d5880000)
  from space 2048K, 100% used [0x00000000d5880000,0x00000000d5a80000,0x00000000d5a80000)
  to   space 4608K, 0% used [0x00000000d5e00000,0x00000000d5e00000,0x00000000d6280000)
 ParOldGen       total 506880K, used 506510K [0x0000000080000000, 0x000000009ef00000, 0x00000000d5580000)
  object space 506880K, 99% used [0x0000000080000000,0x000000009eea3950,0x000000009ef00000)
 Metaspace       used 64462K, committed 65856K, reserved 1114112K
  class space    used 7004K, committed 7552K, reserved 1048576K
}
Event: 8.459 GC heap after
{Heap after GC invocations=319 (full 3):
 PSYoungGen      total 6656K, used 2464K [0x00000000d5580000, 0x00000000d6080000, 0x0000000100000000)
  eden space 4096K, 0% used [0x00000000d5580000,0x00000000d5580000,0x00000000d5980000)
  from space 2560K, 96% used [0x00000000d5e00000,0x00000000d6068000,0x00000000d6080000)
  to   space 3072K, 0% used [0x00000000d5a80000,0x00000000d5a80000,0x00000000d5d80000)
 ParOldGen       total 508928K, used 508502K [0x0000000080000000, 0x000000009f100000, 0x00000000d5580000)
  object space 508928K, 99% used [0x0000000080000000,0x000000009f095950,0x000000009f100000)
 Metaspace       used 64462K, committed 65856K, reserved 1114112K
  class space    used 7004K, committed 7552K, reserved 1048576K
}
Event: 8.598 GC heap before
{Heap before GC invocations=320 (full 3):
 PSYoungGen      total 6656K, used 6559K [0x00000000d5580000, 0x00000000d6080000, 0x0000000100000000)
  eden space 4096K, 99% used [0x00000000d5580000,0x00000000d597fff0,0x00000000d5980000)
  from space 2560K, 96% used [0x00000000d5e00000,0x00000000d6068000,0x00000000d6080000)
  to   space 3072K, 0% used [0x00000000d5a80000,0x00000000d5a80000,0x00000000d5d80000)
 ParOldGen       total 508928K, used 508502K [0x0000000080000000, 0x000000009f100000, 0x00000000d5580000)
  object space 508928K, 99% used [0x0000000080000000,0x000000009f095950,0x000000009f100000)
 Metaspace       used 64512K, committed 65920K, reserved 1114112K
  class space    used 7008K, committed 7552K, reserved 1048576K
}
Event: 8.599 GC heap after
{Heap after GC invocations=320 (full 3):
 PSYoungGen      total 7680K, used 2048K [0x00000000d5580000, 0x00000000d5f80000, 0x0000000100000000)
  eden space 5120K, 0% used [0x00000000d5580000,0x00000000d5580000,0x00000000d5a80000)
  from space 2560K, 80% used [0x00000000d5a80000,0x00000000d5c80020,0x00000000d5d00000)
  to   space 2560K, 0% used [0x00000000d5d00000,0x00000000d5d00000,0x00000000d5f80000)
 ParOldGen       total 510976K, used 510878K [0x0000000080000000, 0x000000009f300000, 0x00000000d5580000)
  object space 510976K, 99% used [0x0000000080000000,0x000000009f2e7950,0x000000009f300000)
 Metaspace       used 64512K, committed 65920K, reserved 1114112K
  class space    used 7008K, committed 7552K, reserved 1048576K
}
Event: 8.904 GC heap before
{Heap before GC invocations=321 (full 3):
 PSYoungGen      total 7680K, used 7166K [0x00000000d5580000, 0x00000000d5f80000, 0x0000000100000000)
  eden space 5120K, 99% used [0x00000000d5580000,0x00000000d5a7f7f0,0x00000000d5a80000)
  from space 2560K, 80% used [0x00000000d5a80000,0x00000000d5c80020,0x00000000d5d00000)
  to   space 2560K, 0% used [0x00000000d5d00000,0x00000000d5d00000,0x00000000d5f80000)
 ParOldGen       total 510976K, used 510878K [0x0000000080000000, 0x000000009f300000, 0x00000000d5580000)
  object space 510976K, 99% used [0x0000000080000000,0x000000009f2e7950,0x000000009f300000)
 Metaspace       used 65067K, committed 66432K, reserved 1114112K
  class space    used 7060K, committed 7616K, reserved 1048576K
}
Event: 8.906 GC heap after
{Heap after GC invocations=321 (full 3):
 PSYoungGen      total 7680K, used 448K [0x00000000d5580000, 0x00000000d5e80000, 0x0000000100000000)
  eden space 6144K, 0% used [0x00000000d5580000,0x00000000d5580000,0x00000000d5b80000)
  from space 1536K, 29% used [0x00000000d5d00000,0x00000000d5d70040,0x00000000d5e80000)
  to   space 1536K, 0% used [0x00000000d5b80000,0x00000000d5b80000,0x00000000d5d00000)
 ParOldGen       total 513024K, used 512806K [0x0000000080000000, 0x000000009f500000, 0x00000000d5580000)
  object space 513024K, 99% used [0x0000000080000000,0x000000009f4c9970,0x000000009f500000)
 Metaspace       used 65067K, committed 66432K, reserved 1114112K
  class space    used 7060K, committed 7616K, reserved 1048576K
}
Event: 8.942 GC heap before
{Heap before GC invocations=322 (full 3):
 PSYoungGen      total 7680K, used 6592K [0x00000000d5580000, 0x00000000d5e80000, 0x0000000100000000)
  eden space 6144K, 100% used [0x00000000d5580000,0x00000000d5b80000,0x00000000d5b80000)
  from space 1536K, 29% used [0x00000000d5d00000,0x00000000d5d70040,0x00000000d5e80000)
  to   space 1536K, 0% used [0x00000000d5b80000,0x00000000d5b80000,0x00000000d5d00000)
 ParOldGen       total 513024K, used 512806K [0x0000000080000000, 0x000000009f500000, 0x00000000d5580000)
  object space 513024K, 99% used [0x0000000080000000,0x000000009f4c9970,0x000000009f500000)
 Metaspace       used 65593K, committed 66944K, reserved 1114112K
  class space    used 7120K, committed 7680K, reserved 1048576K
}
Event: 8.943 GC heap after
{Heap after GC invocations=322 (full 3):
 PSYoungGen      total 7680K, used 1097K [0x00000000d5580000, 0x00000000d5e80000, 0x0000000100000000)
  eden space 6144K, 0% used [0x00000000d5580000,0x00000000d5580000,0x00000000d5b80000)
  from space 1536K, 71% used [0x00000000d5b80000,0x00000000d5c92480,0x00000000d5d00000)
  to   space 1536K, 0% used [0x00000000d5d00000,0x00000000d5d00000,0x00000000d5e80000)
 ParOldGen       total 513536K, used 513070K [0x0000000080000000, 0x000000009f580000, 0x00000000d5580000)
  object space 513536K, 99% used [0x0000000080000000,0x000000009f50b9b0,0x000000009f580000)
 Metaspace       used 65593K, committed 66944K, reserved 1114112K
  class space    used 7120K, committed 7680K, reserved 1048576K
}

