# JRE version: OpenJDK Runtime Environment Temurin-17.0.13+11 (17.0.13+11) (build 17.0.13+11)
# Java VM: OpenJDK 64-Bit Server VM Temurin-17.0.13+11 (17.0.13+11, mixed mode, tiered, compressed oops, compressed class ptrs, parallel gc, windows-amd64)
GC Precious Log:
 CPUs: 12 total, 12 available
 Memory: 16295M
 Large Page Support: Disabled
 NUMA Support: Disabled
 Compressed Oops: Enabled (32-bit)
 Alignments: Space 512K, Generation 512K, Heap 2M
 Heap Min Capacity: 100M
 Heap Initial Capacity: 100M
 Heap Max Capacity: 1G
 Pre-touch: Disabled
 Parallel Workers: 10
Heap:
 PSYoungGen      total 5632K, used 5097K [0x00000000eab00000, 0x00000000eb400000, 0x0000000100000000)
  eden space 3072K, 100% used [0x00000000eab00000,0x00000000eae00000,0x00000000eae00000)
  from space 2560K, 79% used [0x00000000eb080000,0x00000000eb27a410,0x00000000eb300000)
  to   space 2560K, 0% used [0x00000000eae00000,0x00000000eae00000,0x00000000eb080000)
 ParOldGen       total 300544K, used 299016K [0x00000000c0000000, 0x00000000d2580000, 0x00000000eab00000)
  object space 300544K, 99% used [0x00000000c0000000,0x00000000d2402278,0x00000000d2580000)
 Metaspace       used 89550K, committed 91008K, reserved 1179648K
  class space    used 9295K, committed 9920K, reserved 1048576K
GC Heap History (20 events):
Event: 317.280 GC heap after
{Heap after GC invocations=1274 (full 20):
 PSYoungGen      total 3072K, used 487K [0x00000000eab00000, 0x00000000eb280000, 0x0000000100000000)
  eden space 2560K, 0% used [0x00000000eab00000,0x00000000eab00000,0x00000000ead80000)
  from space 512K, 95% used [0x00000000eb000000,0x00000000eb079f38,0x00000000eb080000)
  to   space 2048K, 0% used [0x00000000eb080000,0x00000000eb080000,0x00000000eb280000)
 ParOldGen       total 298496K, used 282581K [0x00000000c0000000, 0x00000000d2380000, 0x00000000eab00000)
  object space 298496K, 94% used [0x00000000c0000000,0x00000000d13f54e0,0x00000000d2380000)
 Metaspace       used 89389K, committed 90816K, reserved 1179648K
  class space    used 9272K, committed 9920K, reserved 1048576K
}
Event: 317.284 GC heap before
{Heap before GC invocations=1275 (full 20):
 PSYoungGen      total 3072K, used 3047K [0x00000000eab00000, 0x00000000eb280000, 0x0000000100000000)
  eden space 2560K, 100% used [0x00000000eab00000,0x00000000ead80000,0x00000000ead80000)
  from space 512K, 95% used [0x00000000eb000000,0x00000000eb079f38,0x00000000eb080000)
  to   space 2048K, 0% used [0x00000000eb080000,0x00000000eb080000,0x00000000eb280000)
 ParOldGen       total 298496K, used 284130K [0x00000000c0000000, 0x00000000d2380000, 0x00000000eab00000)
  object space 298496K, 95% used [0x00000000c0000000,0x00000000d1578ac0,0x00000000d2380000)
 Metaspace       used 89389K, committed 90816K, reserved 1179648K
  class space    used 9272K, committed 9920K, reserved 1048576K
}
Event: 317.284 GC heap after
{Heap after GC invocations=1275 (full 20):
 PSYoungGen      total 3072K, used 256K [0x00000000eab00000, 0x00000000eb100000, 0x0000000100000000)
  eden space 2560K, 0% used [0x00000000eab00000,0x00000000eab00000,0x00000000ead80000)
  from space 512K, 50% used [0x00000000eb080000,0x00000000eb0c0000,0x00000000eb100000)
  to   space 1024K, 0% used [0x00000000eaf00000,0x00000000eaf00000,0x00000000eb000000)
 ParOldGen       total 298496K, used 284170K [0x00000000c0000000, 0x00000000d2380000, 0x00000000eab00000)
  object space 298496K, 95% used [0x00000000c0000000,0x00000000d1582ac0,0x00000000d2380000)
 Metaspace       used 89389K, committed 90816K, reserved 1179648K
  class space    used 9272K, committed 9920K, reserved 1048576K
}
Event: 317.290 GC heap before
{Heap before GC invocations=1276 (full 20):
 PSYoungGen      total 3072K, used 2669K [0x00000000eab00000, 0x00000000eb100000, 0x0000000100000000)
  eden space 2560K, 94% used [0x00000000eab00000,0x00000000ead5b4d8,0x00000000ead80000)
  from space 512K, 50% used [0x00000000eb080000,0x00000000eb0c0000,0x00000000eb100000)
  to   space 1024K, 0% used [0x00000000eaf00000,0x00000000eaf00000,0x00000000eb000000)
 ParOldGen       total 298496K, used 285720K [0x00000000c0000000, 0x00000000d2380000, 0x00000000eab00000)
  object space 298496K, 95% used [0x00000000c0000000,0x00000000d17060a0,0x00000000d2380000)
 Metaspace       used 89390K, committed 90816K, reserved 1179648K
  class space    used 9272K, committed 9920K, reserved 1048576K
}
Event: 317.291 GC heap after
{Heap after GC invocations=1276 (full 20):
 PSYoungGen      total 3584K, used 608K [0x00000000eab00000, 0x00000000eb100000, 0x0000000100000000)
  eden space 2560K, 0% used [0x00000000eab00000,0x00000000eab00000,0x00000000ead80000)
  from space 1024K, 59% used [0x00000000eaf00000,0x00000000eaf98000,0x00000000eb000000)
  to   space 1024K, 0% used [0x00000000eb000000,0x00000000eb000000,0x00000000eb100000)
 ParOldGen       total 298496K, used 285784K [0x00000000c0000000, 0x00000000d2380000, 0x00000000eab00000)
  object space 298496K, 95% used [0x00000000c0000000,0x00000000d17160a0,0x00000000d2380000)
 Metaspace       used 89390K, committed 90816K, reserved 1179648K
  class space    used 9272K, committed 9920K, reserved 1048576K
}
Event: 317.295 GC heap before
{Heap before GC invocations=1277 (full 20):
 PSYoungGen      total 3584K, used 3167K [0x00000000eab00000, 0x00000000eb100000, 0x0000000100000000)
  eden space 2560K, 99% used [0x00000000eab00000,0x00000000ead7fe88,0x00000000ead80000)
  from space 1024K, 59% used [0x00000000eaf00000,0x00000000eaf98000,0x00000000eb000000)
  to   space 1024K, 0% used [0x00000000eb000000,0x00000000eb000000,0x00000000eb100000)
 ParOldGen       total 298496K, used 285784K [0x00000000c0000000, 0x00000000d2380000, 0x00000000eab00000)
  object space 298496K, 95% used [0x00000000c0000000,0x00000000d17160a0,0x00000000d2380000)
 Metaspace       used 89390K, committed 90816K, reserved 1179648K
  class space    used 9272K, committed 9920K, reserved 1048576K
}
Event: 317.296 GC heap after
{Heap after GC invocations=1277 (full 20):
 PSYoungGen      total 3072K, used 466K [0x00000000eab00000, 0x00000000eb080000, 0x0000000100000000)
  eden space 2560K, 0% used [0x00000000eab00000,0x00000000eab00000,0x00000000ead80000)
  from space 512K, 91% used [0x00000000eb000000,0x00000000eb074ab8,0x00000000eb080000)
  to   space 1024K, 0% used [0x00000000eae80000,0x00000000eae80000,0x00000000eaf80000)
 ParOldGen       total 298496K, used 287850K [0x00000000c0000000, 0x00000000d2380000, 0x00000000eab00000)
  object space 298496K, 96% used [0x00000000c0000000,0x00000000d191ab00,0x00000000d2380000)
 Metaspace       used 89390K, committed 90816K, reserved 1179648K
  class space    used 9272K, committed 9920K, reserved 1048576K
}
Event: 317.299 GC heap before
{Heap before GC invocations=1278 (full 20):
 PSYoungGen      total 3072K, used 2873K [0x00000000eab00000, 0x00000000eb080000, 0x0000000100000000)
  eden space 2560K, 94% used [0x00000000eab00000,0x00000000ead59a38,0x00000000ead80000)
  from space 512K, 91% used [0x00000000eb000000,0x00000000eb074ab8,0x00000000eb080000)
  to   space 1024K, 0% used [0x00000000eae80000,0x00000000eae80000,0x00000000eaf80000)
 ParOldGen       total 298496K, used 287850K [0x00000000c0000000, 0x00000000d2380000, 0x00000000eab00000)
  object space 298496K, 96% used [0x00000000c0000000,0x00000000d191ab00,0x00000000d2380000)
 Metaspace       used 89390K, committed 90816K, reserved 1179648K
  class space    used 9272K, committed 9920K, reserved 1048576K
}
Event: 317.300 GC heap after
{Heap after GC invocations=1278 (full 20):
 PSYoungGen      total 3584K, used 729K [0x00000000eab00000, 0x00000000eb080000, 0x0000000100000000)
  eden space 2560K, 0% used [0x00000000eab00000,0x00000000eab00000,0x00000000ead80000)
  from space 1024K, 71% used [0x00000000eae80000,0x00000000eaf36498,0x00000000eaf80000)
  to   space 1024K, 0% used [0x00000000eaf80000,0x00000000eaf80000,0x00000000eb080000)
 ParOldGen       total 298496K, used 289408K [0x00000000c0000000, 0x00000000d2380000, 0x00000000eab00000)
  object space 298496K, 96% used [0x00000000c0000000,0x00000000d1aa00e0,0x00000000d2380000)
 Metaspace       used 89390K, committed 90816K, reserved 1179648K
  class space    used 9272K, committed 9920K, reserved 1048576K
}
Event: 317.303 GC heap before
{Heap before GC invocations=1279 (full 20):
 PSYoungGen      total 3584K, used 3065K [0x00000000eab00000, 0x00000000eb080000, 0x0000000100000000)
  eden space 2560K, 91% used [0x00000000eab00000,0x00000000ead48010,0x00000000ead80000)
  from space 1024K, 71% used [0x00000000eae80000,0x00000000eaf36498,0x00000000eaf80000)
  to   space 1024K, 0% used [0x00000000eaf80000,0x00000000eaf80000,0x00000000eb080000)
 ParOldGen       total 298496K, used 289408K [0x00000000c0000000, 0x00000000d2380000, 0x00000000eab00000)
  object space 298496K, 96% used [0x00000000c0000000,0x00000000d1aa00e0,0x00000000d2380000)
 Metaspace       used 89404K, committed 90880K, reserved 1179648K
  class space    used 9274K, committed 9920K, reserved 1048576K
}
Event: 317.304 GC heap after
{Heap after GC invocations=1279 (full 20):
 PSYoungGen      total 3584K, used 635K [0x00000000eab00000, 0x00000000eb080000, 0x0000000100000000)
  eden space 2560K, 0% used [0x00000000eab00000,0x00000000eab00000,0x00000000ead80000)
  from space 1024K, 62% used [0x00000000eaf80000,0x00000000eb01ec28,0x00000000eb080000)
  to   space 1024K, 0% used [0x00000000eae80000,0x00000000eae80000,0x00000000eaf80000)
 ParOldGen       total 298496K, used 290989K [0x00000000c0000000, 0x00000000d2380000, 0x00000000eab00000)
  object space 298496K, 97% used [0x00000000c0000000,0x00000000d1c2b6c0,0x00000000d2380000)
 Metaspace       used 89404K, committed 90880K, reserved 1179648K
  class space    used 9274K, committed 9920K, reserved 1048576K
}
Event: 317.309 GC heap before
{Heap before GC invocations=1280 (full 20):
 PSYoungGen      total 3584K, used 3160K [0x00000000eab00000, 0x00000000eb080000, 0x0000000100000000)
  eden space 2560K, 98% used [0x00000000eab00000,0x00000000ead776a8,0x00000000ead80000)
  from space 1024K, 62% used [0x00000000eaf80000,0x00000000eb01ec28,0x00000000eb080000)
  to   space 1024K, 0% used [0x00000000eae80000,0x00000000eae80000,0x00000000eaf80000)
 ParOldGen       total 298496K, used 292539K [0x00000000c0000000, 0x00000000d2380000, 0x00000000eab00000)
  object space 298496K, 98% used [0x00000000c0000000,0x00000000d1daeca0,0x00000000d2380000)
 Metaspace       used 89404K, committed 90880K, reserved 1179648K
  class space    used 9274K, committed 9920K, reserved 1048576K
}
Event: 317.309 GC heap after
{Heap after GC invocations=1280 (full 20):
 PSYoungGen      total 3584K, used 224K [0x00000000eab00000, 0x00000000eb000000, 0x0000000100000000)
  eden space 2560K, 0% used [0x00000000eab00000,0x00000000eab00000,0x00000000ead80000)
  from space 1024K, 21% used [0x00000000eae80000,0x00000000eaeb8000,0x00000000eaf80000)
  to   space 512K, 0% used [0x00000000eaf80000,0x00000000eaf80000,0x00000000eb000000)
 ParOldGen       total 298496K, used 292587K [0x00000000c0000000, 0x00000000d2380000, 0x00000000eab00000)
  object space 298496K, 98% used [0x00000000c0000000,0x00000000d1dbaca0,0x00000000d2380000)
 Metaspace       used 89404K, committed 90880K, reserved 1179648K
  class space    used 9274K, committed 9920K, reserved 1048576K
}
Event: 317.314 GC heap before
{Heap before GC invocations=1281 (full 20):
 PSYoungGen      total 3584K, used 2779K [0x00000000eab00000, 0x00000000eb000000, 0x0000000100000000)
  eden space 2560K, 99% used [0x00000000eab00000,0x00000000ead7ef20,0x00000000ead80000)
  from space 1024K, 21% used [0x00000000eae80000,0x00000000eaeb8000,0x00000000eaf80000)
  to   space 512K, 0% used [0x00000000eaf80000,0x00000000eaf80000,0x00000000eb000000)
 ParOldGen       total 298496K, used 292591K [0x00000000c0000000, 0x00000000d2380000, 0x00000000eab00000)
  object space 298496K, 98% used [0x00000000c0000000,0x00000000d1dbbeb8,0x00000000d2380000)
 Metaspace       used 89413K, committed 90880K, reserved 1179648K
  class space    used 9276K, committed 9920K, reserved 1048576K
}
Event: 317.315 GC heap after
{Heap after GC invocations=1281 (full 20):
 PSYoungGen      total 3072K, used 434K [0x00000000eab00000, 0x00000000eb000000, 0x0000000100000000)
  eden space 2560K, 0% used [0x00000000eab00000,0x00000000eab00000,0x00000000ead80000)
  from space 512K, 84% used [0x00000000eaf80000,0x00000000eafecab8,0x00000000eb000000)
  to   space 512K, 0% used [0x00000000eaf00000,0x00000000eaf00000,0x00000000eaf80000)
 ParOldGen       total 298496K, used 294165K [0x00000000c0000000, 0x00000000d2380000, 0x00000000eab00000)
  object space 298496K, 98% used [0x00000000c0000000,0x00000000d1f45498,0x00000000d2380000)
 Metaspace       used 89413K, committed 90880K, reserved 1179648K
  class space    used 9276K, committed 9920K, reserved 1048576K
}
Event: 317.319 GC heap before
{Heap before GC invocations=1282 (full 20):
 PSYoungGen      total 3072K, used 2994K [0x00000000eab00000, 0x00000000eb000000, 0x0000000100000000)
  eden space 2560K, 100% used [0x00000000eab00000,0x00000000ead80000,0x00000000ead80000)
  from space 512K, 84% used [0x00000000eaf80000,0x00000000eafecab8,0x00000000eb000000)
  to   space 512K, 0% used [0x00000000eaf00000,0x00000000eaf00000,0x00000000eaf80000)
 ParOldGen       total 298496K, used 294175K [0x00000000c0000000, 0x00000000d2380000, 0x00000000eab00000)
  object space 298496K, 98% used [0x00000000c0000000,0x00000000d1f47fa8,0x00000000d2380000)
 Metaspace       used 89457K, committed 90880K, reserved 1179648K
  class space    used 9280K, committed 9920K, reserved 1048576K
}
Event: 317.320 GC heap after
{Heap after GC invocations=1282 (full 20):
 PSYoungGen      total 3584K, used 506K [0x00000000eab00000, 0x00000000eb300000, 0x0000000100000000)
  eden space 3072K, 0% used [0x00000000eab00000,0x00000000eab00000,0x00000000eae00000)
  from space 512K, 98% used [0x00000000eaf00000,0x00000000eaf7ea30,0x00000000eaf80000)
  to   space 2560K, 0% used [0x00000000eb080000,0x00000000eb080000,0x00000000eb300000)
 ParOldGen       total 298496K, used 295813K [0x00000000c0000000, 0x00000000d2380000, 0x00000000eab00000)
  object space 298496K, 99% used [0x00000000c0000000,0x00000000d20e1740,0x00000000d2380000)
 Metaspace       used 89457K, committed 90880K, reserved 1179648K
  class space    used 9280K, committed 9920K, reserved 1048576K
}
Event: 317.322 GC heap before
{Heap before GC invocations=1283 (full 20):
 PSYoungGen      total 3584K, used 3540K [0x00000000eab00000, 0x00000000eb300000, 0x0000000100000000)
  eden space 3072K, 98% used [0x00000000eab00000,0x00000000eadf6788,0x00000000eae00000)
  from space 512K, 98% used [0x00000000eaf00000,0x00000000eaf7ea30,0x00000000eaf80000)
  to   space 2560K, 0% used [0x00000000eb080000,0x00000000eb080000,0x00000000eb300000)
 ParOldGen       total 298496K, used 295813K [0x00000000c0000000, 0x00000000d2380000, 0x00000000eab00000)
  object space 298496K, 99% used [0x00000000c0000000,0x00000000d20e1740,0x00000000d2380000)
 Metaspace       used 89479K, committed 90944K, reserved 1179648K
  class space    used 9285K, committed 9920K, reserved 1048576K
}
Event: 317.323 GC heap after
{Heap after GC invocations=1283 (full 20):
 PSYoungGen      total 5632K, used 2025K [0x00000000eab00000, 0x00000000eb400000, 0x0000000100000000)
  eden space 3072K, 0% used [0x00000000eab00000,0x00000000eab00000,0x00000000eae00000)
  from space 2560K, 79% used [0x00000000eb080000,0x00000000eb27a410,0x00000000eb300000)
  to   space 2560K, 0% used [0x00000000eae00000,0x00000000eae00000,0x00000000eb080000)
 ParOldGen       total 298496K, used 297466K [0x00000000c0000000, 0x00000000d2380000, 0x00000000eab00000)
  object space 298496K, 99% used [0x00000000c0000000,0x00000000d227ebf0,0x00000000d2380000)
 Metaspace       used 89479K, committed 90944K, reserved 1179648K
  class space    used 9285K, committed 9920K, reserved 1048576K
}
Event: 317.333 GC heap before
{Heap before GC invocations=1284 (full 21):
 PSYoungGen      total 5632K, used 5097K [0x00000000eab00000, 0x00000000eb400000, 0x0000000100000000)
  eden space 3072K, 100% used [0x00000000eab00000,0x00000000eae00000,0x00000000eae00000)
  from space 2560K, 79% used [0x00000000eb080000,0x00000000eb27a410,0x00000000eb300000)
  to   space 2560K, 0% used [0x00000000eae00000,0x00000000eae00000,0x00000000eb080000)
 ParOldGen       total 300544K, used 299016K [0x00000000c0000000, 0x00000000d2580000, 0x00000000eab00000)
  object space 300544K, 99% used [0x00000000c0000000,0x00000000d2402278,0x00000000d2580000)
 Metaspace       used 89550K, committed 91008K, reserved 1179648K
  class space    used 9295K, committed 9920K, reserved 1048576K
}

