# JRE version: OpenJDK Runtime Environment Temurin-17.0.12+7 (17.0.12+7) (build 17.0.12+7)
# Java VM: OpenJDK 64-Bit Server VM Temurin-17.0.12+7 (17.0.12+7, mixed mode, tiered, compressed oops, compressed class ptrs, parallel gc, windows-amd64)
GC Precious Log:
 CPUs: 12 total, 12 available
 Memory: 16295M
 Large Page Support: Disabled
 NUMA Support: Disabled
 Compressed Oops: Enabled (32-bit)
 Alignments: Space 512K, Generation 512K, Heap 2M
 Heap Min Capacity: 100M
 Heap Initial Capacity: 100M
 Heap Max Capacity: 1G
 Pre-touch: Disabled
 Parallel Workers: 10
Heap:
 PSYoungGen      total 22528K, used 7096K [0x00000000eab00000, 0x00000000ec880000, 0x0000000100000000)
  eden space 15872K, 7% used [0x00000000eab00000,0x00000000eac3afe0,0x00000000eba80000)
  from space 6656K, 87% used [0x00000000ec200000,0x00000000ec7b3148,0x00000000ec880000)
  to   space 7168K, 0% used [0x00000000eba80000,0x00000000eba80000,0x00000000ec180000)
 ParOldGen       total 177664K, used 168232K [0x00000000c0000000, 0x00000000cad80000, 0x00000000eab00000)
  object space 177664K, 94% used [0x00000000c0000000,0x00000000ca44a208,0x00000000cad80000)
 Metaspace       used 72612K, committed 73856K, reserved 1179648K
  class space    used 7817K, committed 8320K, reserved 1048576K
GC Heap History (20 events):
Event: 10.992 GC heap before
{Heap before GC invocations=93 (full 7):
 PSYoungGen      total 17920K, used 10743K [0x00000000eab00000, 0x00000000ec200000, 0x0000000100000000)
  eden space 12288K, 87% used [0x00000000eab00000,0x00000000eb57dc80,0x00000000eb700000)
  from space 5632K, 0% used [0x00000000eb700000,0x00000000eb700000,0x00000000ebc80000)
  to   space 5632K, 0% used [0x00000000ebc80000,0x00000000ebc80000,0x00000000ec200000)
 ParOldGen       total 177664K, used 141214K [0x00000000c0000000, 0x00000000cad80000, 0x00000000eab00000)
  object space 177664K, 79% used [0x00000000c0000000,0x00000000c89e7a98,0x00000000cad80000)
 Metaspace       used 72555K, committed 73728K, reserved 1179648K
  class space    used 7815K, committed 8256K, reserved 1048576K
}
Event: 10.992 GC heap after
{Heap after GC invocations=93 (full 7):
 PSYoungGen      total 15360K, used 2814K [0x00000000eab00000, 0x00000000ebf80000, 0x0000000100000000)
  eden space 12288K, 0% used [0x00000000eab00000,0x00000000eab00000,0x00000000eb700000)
  from space 3072K, 91% used [0x00000000ebc80000,0x00000000ebf3f910,0x00000000ebf80000)
  to   space 4096K, 0% used [0x00000000eb780000,0x00000000eb780000,0x00000000ebb80000)
 ParOldGen       total 177664K, used 141214K [0x00000000c0000000, 0x00000000cad80000, 0x00000000eab00000)
  object space 177664K, 79% used [0x00000000c0000000,0x00000000c89e7a98,0x00000000cad80000)
 Metaspace       used 72555K, committed 73728K, reserved 1179648K
  class space    used 7815K, committed 8256K, reserved 1048576K
}
Event: 11.024 GC heap before
{Heap before GC invocations=94 (full 7):
 PSYoungGen      total 15360K, used 15102K [0x00000000eab00000, 0x00000000ebf80000, 0x0000000100000000)
  eden space 12288K, 100% used [0x00000000eab00000,0x00000000eb700000,0x00000000eb700000)
  from space 3072K, 91% used [0x00000000ebc80000,0x00000000ebf3f910,0x00000000ebf80000)
  to   space 4096K, 0% used [0x00000000eb780000,0x00000000eb780000,0x00000000ebb80000)
 ParOldGen       total 177664K, used 141214K [0x00000000c0000000, 0x00000000cad80000, 0x00000000eab00000)
  object space 177664K, 79% used [0x00000000c0000000,0x00000000c89e7a98,0x00000000cad80000)
 Metaspace       used 72555K, committed 73728K, reserved 1179648K
  class space    used 7815K, committed 8256K, reserved 1048576K
}
Event: 11.026 GC heap after
{Heap after GC invocations=94 (full 7):
 PSYoungGen      total 16384K, used 4075K [0x00000000eab00000, 0x00000000ec600000, 0x0000000100000000)
  eden space 12288K, 0% used [0x00000000eab00000,0x00000000eab00000,0x00000000eb700000)
  from space 4096K, 99% used [0x00000000eb780000,0x00000000ebb7ae18,0x00000000ebb80000)
  to   space 7680K, 0% used [0x00000000ebe80000,0x00000000ebe80000,0x00000000ec600000)
 ParOldGen       total 177664K, used 144045K [0x00000000c0000000, 0x00000000cad80000, 0x00000000eab00000)
  object space 177664K, 81% used [0x00000000c0000000,0x00000000c8cab488,0x00000000cad80000)
 Metaspace       used 72555K, committed 73728K, reserved 1179648K
  class space    used 7815K, committed 8256K, reserved 1048576K
}
Event: 11.044 GC heap before
{Heap before GC invocations=95 (full 7):
 PSYoungGen      total 16384K, used 16363K [0x00000000eab00000, 0x00000000ec600000, 0x0000000100000000)
  eden space 12288K, 100% used [0x00000000eab00000,0x00000000eb700000,0x00000000eb700000)
  from space 4096K, 99% used [0x00000000eb780000,0x00000000ebb7ae18,0x00000000ebb80000)
  to   space 7680K, 0% used [0x00000000ebe80000,0x00000000ebe80000,0x00000000ec600000)
 ParOldGen       total 177664K, used 144045K [0x00000000c0000000, 0x00000000cad80000, 0x00000000eab00000)
  object space 177664K, 81% used [0x00000000c0000000,0x00000000c8cab488,0x00000000cad80000)
 Metaspace       used 72555K, committed 73728K, reserved 1179648K
  class space    used 7815K, committed 8256K, reserved 1048576K
}
Event: 11.047 GC heap after
{Heap after GC invocations=95 (full 7):
 PSYoungGen      total 19968K, used 7026K [0x00000000eab00000, 0x00000000ec780000, 0x0000000100000000)
  eden space 12288K, 0% used [0x00000000eab00000,0x00000000eab00000,0x00000000eb700000)
  from space 7680K, 91% used [0x00000000ebe80000,0x00000000ec55c8d8,0x00000000ec600000)
  to   space 7680K, 0% used [0x00000000eb700000,0x00000000eb700000,0x00000000ebe80000)
 ParOldGen       total 177664K, used 144045K [0x00000000c0000000, 0x00000000cad80000, 0x00000000eab00000)
  object space 177664K, 81% used [0x00000000c0000000,0x00000000c8cab488,0x00000000cad80000)
 Metaspace       used 72555K, committed 73728K, reserved 1179648K
  class space    used 7815K, committed 8256K, reserved 1048576K
}
Event: 11.066 GC heap before
{Heap before GC invocations=96 (full 7):
 PSYoungGen      total 19968K, used 19314K [0x00000000eab00000, 0x00000000ec780000, 0x0000000100000000)
  eden space 12288K, 100% used [0x00000000eab00000,0x00000000eb700000,0x00000000eb700000)
  from space 7680K, 91% used [0x00000000ebe80000,0x00000000ec55c8d8,0x00000000ec600000)
  to   space 7680K, 0% used [0x00000000eb700000,0x00000000eb700000,0x00000000ebe80000)
 ParOldGen       total 177664K, used 144045K [0x00000000c0000000, 0x00000000cad80000, 0x00000000eab00000)
  object space 177664K, 81% used [0x00000000c0000000,0x00000000c8cab488,0x00000000cad80000)
 Metaspace       used 72555K, committed 73728K, reserved 1179648K
  class space    used 7815K, committed 8256K, reserved 1048576K
}
Event: 11.068 GC heap after
{Heap after GC invocations=96 (full 7):
 PSYoungGen      total 19968K, used 7671K [0x00000000eab00000, 0x00000000ecd80000, 0x0000000100000000)
  eden space 12288K, 0% used [0x00000000eab00000,0x00000000eab00000,0x00000000eb700000)
  from space 7680K, 99% used [0x00000000eb700000,0x00000000ebe7dfa8,0x00000000ebe80000)
  to   space 10752K, 0% used [0x00000000ec300000,0x00000000ec300000,0x00000000ecd80000)
 ParOldGen       total 177664K, used 146187K [0x00000000c0000000, 0x00000000cad80000, 0x00000000eab00000)
  object space 177664K, 82% used [0x00000000c0000000,0x00000000c8ec2e08,0x00000000cad80000)
 Metaspace       used 72555K, committed 73728K, reserved 1179648K
  class space    used 7815K, committed 8256K, reserved 1048576K
}
Event: 11.088 GC heap before
{Heap before GC invocations=97 (full 7):
 PSYoungGen      total 19968K, used 19959K [0x00000000eab00000, 0x00000000ecd80000, 0x0000000100000000)
  eden space 12288K, 100% used [0x00000000eab00000,0x00000000eb700000,0x00000000eb700000)
  from space 7680K, 99% used [0x00000000eb700000,0x00000000ebe7dfa8,0x00000000ebe80000)
  to   space 10752K, 0% used [0x00000000ec300000,0x00000000ec300000,0x00000000ecd80000)
 ParOldGen       total 177664K, used 146187K [0x00000000c0000000, 0x00000000cad80000, 0x00000000eab00000)
  object space 177664K, 82% used [0x00000000c0000000,0x00000000c8ec2e08,0x00000000cad80000)
 Metaspace       used 72555K, committed 73728K, reserved 1179648K
  class space    used 7815K, committed 8256K, reserved 1048576K
}
Event: 11.092 GC heap after
{Heap after GC invocations=97 (full 7):
 PSYoungGen      total 20992K, used 6754K [0x00000000eab00000, 0x00000000eca00000, 0x0000000100000000)
  eden space 13824K, 0% used [0x00000000eab00000,0x00000000eab00000,0x00000000eb880000)
  from space 7168K, 94% used [0x00000000ec300000,0x00000000ec998938,0x00000000eca00000)
  to   space 8192K, 0% used [0x00000000eba00000,0x00000000eba00000,0x00000000ec200000)
 ParOldGen       total 177664K, used 149995K [0x00000000c0000000, 0x00000000cad80000, 0x00000000eab00000)
  object space 177664K, 84% used [0x00000000c0000000,0x00000000c927ae60,0x00000000cad80000)
 Metaspace       used 72555K, committed 73728K, reserved 1179648K
  class space    used 7815K, committed 8256K, reserved 1048576K
}
Event: 11.115 GC heap before
{Heap before GC invocations=98 (full 7):
 PSYoungGen      total 20992K, used 20578K [0x00000000eab00000, 0x00000000eca00000, 0x0000000100000000)
  eden space 13824K, 100% used [0x00000000eab00000,0x00000000eb880000,0x00000000eb880000)
  from space 7168K, 94% used [0x00000000ec300000,0x00000000ec998938,0x00000000eca00000)
  to   space 8192K, 0% used [0x00000000eba00000,0x00000000eba00000,0x00000000ec200000)
 ParOldGen       total 177664K, used 149995K [0x00000000c0000000, 0x00000000cad80000, 0x00000000eab00000)
  object space 177664K, 84% used [0x00000000c0000000,0x00000000c927ae60,0x00000000cad80000)
 Metaspace       used 72612K, committed 73856K, reserved 1179648K
  class space    used 7817K, committed 8320K, reserved 1048576K
}
Event: 11.118 GC heap after
{Heap after GC invocations=98 (full 7):
 PSYoungGen      total 23552K, used 7762K [0x00000000eab00000, 0x00000000eca00000, 0x0000000100000000)
  eden space 15360K, 0% used [0x00000000eab00000,0x00000000eab00000,0x00000000eba00000)
  from space 8192K, 94% used [0x00000000eba00000,0x00000000ec194a70,0x00000000ec200000)
  to   space 8192K, 0% used [0x00000000ec200000,0x00000000ec200000,0x00000000eca00000)
 ParOldGen       total 177664K, used 151726K [0x00000000c0000000, 0x00000000cad80000, 0x00000000eab00000)
  object space 177664K, 85% used [0x00000000c0000000,0x00000000c942b870,0x00000000cad80000)
 Metaspace       used 72612K, committed 73856K, reserved 1179648K
  class space    used 7817K, committed 8320K, reserved 1048576K
}
Event: 11.142 GC heap before
{Heap before GC invocations=99 (full 7):
 PSYoungGen      total 23552K, used 23122K [0x00000000eab00000, 0x00000000eca00000, 0x0000000100000000)
  eden space 15360K, 100% used [0x00000000eab00000,0x00000000eba00000,0x00000000eba00000)
  from space 8192K, 94% used [0x00000000eba00000,0x00000000ec194a70,0x00000000ec200000)
  to   space 8192K, 0% used [0x00000000ec200000,0x00000000ec200000,0x00000000eca00000)
 ParOldGen       total 177664K, used 151726K [0x00000000c0000000, 0x00000000cad80000, 0x00000000eab00000)
  object space 177664K, 85% used [0x00000000c0000000,0x00000000c942b870,0x00000000cad80000)
 Metaspace       used 72612K, committed 73856K, reserved 1179648K
  class space    used 7817K, committed 8320K, reserved 1048576K
}
Event: 11.145 GC heap after
{Heap after GC invocations=99 (full 7):
 PSYoungGen      total 19968K, used 8162K [0x00000000eab00000, 0x00000000ed280000, 0x0000000100000000)
  eden space 11776K, 0% used [0x00000000eab00000,0x00000000eab00000,0x00000000eb680000)
  from space 8192K, 99% used [0x00000000ec200000,0x00000000ec9f8a88,0x00000000eca00000)
  to   space 11776K, 0% used [0x00000000eb680000,0x00000000eb680000,0x00000000ec200000)
 ParOldGen       total 177664K, used 154421K [0x00000000c0000000, 0x00000000cad80000, 0x00000000eab00000)
  object space 177664K, 86% used [0x00000000c0000000,0x00000000c96cd788,0x00000000cad80000)
 Metaspace       used 72612K, committed 73856K, reserved 1179648K
  class space    used 7817K, committed 8320K, reserved 1048576K
}
Event: 11.165 GC heap before
{Heap before GC invocations=100 (full 7):
 PSYoungGen      total 19968K, used 19938K [0x00000000eab00000, 0x00000000ed280000, 0x0000000100000000)
  eden space 11776K, 100% used [0x00000000eab00000,0x00000000eb680000,0x00000000eb680000)
  from space 8192K, 99% used [0x00000000ec200000,0x00000000ec9f8a88,0x00000000eca00000)
  to   space 11776K, 0% used [0x00000000eb680000,0x00000000eb680000,0x00000000ec200000)
 ParOldGen       total 177664K, used 154421K [0x00000000c0000000, 0x00000000cad80000, 0x00000000eab00000)
  object space 177664K, 86% used [0x00000000c0000000,0x00000000c96cd788,0x00000000cad80000)
 Metaspace       used 72612K, committed 73856K, reserved 1179648K
  class space    used 7817K, committed 8320K, reserved 1048576K
}
Event: 11.168 GC heap after
{Heap after GC invocations=100 (full 7):
 PSYoungGen      total 17920K, used 5656K [0x00000000eab00000, 0x00000000ec700000, 0x0000000100000000)
  eden space 11776K, 0% used [0x00000000eab00000,0x00000000eab00000,0x00000000eb680000)
  from space 6144K, 92% used [0x00000000eb680000,0x00000000ebc06058,0x00000000ebc80000)
  to   space 7680K, 0% used [0x00000000ebf80000,0x00000000ebf80000,0x00000000ec700000)
 ParOldGen       total 177664K, used 159611K [0x00000000c0000000, 0x00000000cad80000, 0x00000000eab00000)
  object space 177664K, 89% used [0x00000000c0000000,0x00000000c9bdec00,0x00000000cad80000)
 Metaspace       used 72612K, committed 73856K, reserved 1179648K
  class space    used 7817K, committed 8320K, reserved 1048576K
}
Event: 11.191 GC heap before
{Heap before GC invocations=101 (full 7):
 PSYoungGen      total 17920K, used 17432K [0x00000000eab00000, 0x00000000ec700000, 0x0000000100000000)
  eden space 11776K, 100% used [0x00000000eab00000,0x00000000eb680000,0x00000000eb680000)
  from space 6144K, 92% used [0x00000000eb680000,0x00000000ebc06058,0x00000000ebc80000)
  to   space 7680K, 0% used [0x00000000ebf80000,0x00000000ebf80000,0x00000000ec700000)
 ParOldGen       total 177664K, used 159611K [0x00000000c0000000, 0x00000000cad80000, 0x00000000eab00000)
  object space 177664K, 89% used [0x00000000c0000000,0x00000000c9bdec00,0x00000000cad80000)
 Metaspace       used 72612K, committed 73856K, reserved 1179648K
  class space    used 7817K, committed 8320K, reserved 1048576K
}
Event: 11.193 GC heap after
{Heap after GC invocations=101 (full 7):
 PSYoungGen      total 18944K, used 5414K [0x00000000eab00000, 0x00000000ec500000, 0x0000000100000000)
  eden space 13312K, 0% used [0x00000000eab00000,0x00000000eab00000,0x00000000eb800000)
  from space 5632K, 96% used [0x00000000ebf80000,0x00000000ec4c99f8,0x00000000ec500000)
  to   space 6144K, 0% used [0x00000000eb900000,0x00000000eb900000,0x00000000ebf00000)
 ParOldGen       total 177664K, used 162403K [0x00000000c0000000, 0x00000000cad80000, 0x00000000eab00000)
  object space 177664K, 91% used [0x00000000c0000000,0x00000000c9e98fd8,0x00000000cad80000)
 Metaspace       used 72612K, committed 73856K, reserved 1179648K
  class space    used 7817K, committed 8320K, reserved 1048576K
}
Event: 11.216 GC heap before
{Heap before GC invocations=102 (full 7):
 PSYoungGen      total 18944K, used 18726K [0x00000000eab00000, 0x00000000ec500000, 0x0000000100000000)
  eden space 13312K, 100% used [0x00000000eab00000,0x00000000eb800000,0x00000000eb800000)
  from space 5632K, 96% used [0x00000000ebf80000,0x00000000ec4c99f8,0x00000000ec500000)
  to   space 6144K, 0% used [0x00000000eb900000,0x00000000eb900000,0x00000000ebf00000)
 ParOldGen       total 177664K, used 162403K [0x00000000c0000000, 0x00000000cad80000, 0x00000000eab00000)
  object space 177664K, 91% used [0x00000000c0000000,0x00000000c9e98fd8,0x00000000cad80000)
 Metaspace       used 72612K, committed 73856K, reserved 1179648K
  class space    used 7817K, committed 8320K, reserved 1048576K
}
Event: 11.218 GC heap after
{Heap after GC invocations=102 (full 7):
 PSYoungGen      total 20480K, used 6112K [0x00000000eab00000, 0x00000000eca80000, 0x0000000100000000)
  eden space 14336K, 0% used [0x00000000eab00000,0x00000000eab00000,0x00000000eb900000)
  from space 6144K, 99% used [0x00000000eb900000,0x00000000ebef81d0,0x00000000ebf00000)
  to   space 8704K, 0% used [0x00000000ec200000,0x00000000ec200000,0x00000000eca80000)
 ParOldGen       total 177664K, used 164458K [0x00000000c0000000, 0x00000000cad80000, 0x00000000eab00000)
  object space 177664K, 92% used [0x00000000c0000000,0x00000000ca09abf0,0x00000000cad80000)
 Metaspace       used 72612K, committed 73856K, reserved 1179648K
  class space    used 7817K, committed 8320K, reserved 1048576K
}

