# JRE version: OpenJDK Runtime Environment Temurin-17.0.13+11 (17.0.13+11) (build 17.0.13+11)
# Java VM: OpenJDK 64-Bit Server VM Temurin-17.0.13+11 (17.0.13+11, mixed mode, tiered, compressed oops, compressed class ptrs, parallel gc, windows-amd64)
GC Precious Log:
 CPUs: 12 total, 12 available
 Memory: 16295M
 Large Page Support: Disabled
 NUMA Support: Disabled
 Compressed Oops: Enabled (32-bit)
 Alignments: Space 512K, Generation 512K, Heap 2M
 Heap Min Capacity: 100M
 Heap Initial Capacity: 100M
 Heap Max Capacity: 1G
 Pre-touch: Disabled
 Parallel Workers: 10
Heap:
 PSYoungGen      total 48128K, used 24332K [0x00000000eab00000, 0x00000000eeb80000, 0x0000000100000000)
  eden space 31232K, 24% used [0x00000000eab00000,0x00000000eb27cdd8,0x00000000ec980000)
  from space 16896K, 98% used [0x00000000ed180000,0x00000000ee1c63c8,0x00000000ee200000)
  to   space 9728K, 0% used [0x00000000ee200000,0x00000000ee200000,0x00000000eeb80000)
 ParOldGen       total 414720K, used 367203K [0x00000000c0000000, 0x00000000d9500000, 0x00000000eab00000)
  object space 414720K, 88% used [0x00000000c0000000,0x00000000d6698ca8,0x00000000d9500000)
 Metaspace       used 77684K, committed 78912K, reserved 1179648K
  class space    used 8432K, committed 8960K, reserved 1048576K
GC Heap History (20 events):
Event: 12.904 GC heap before
{Heap before GC invocations=144 (full 9):
 PSYoungGen      total 46592K, used 46575K [0x00000000eab00000, 0x00000000eee80000, 0x0000000100000000)
  eden space 35840K, 100% used [0x00000000eab00000,0x00000000ece00000,0x00000000ece00000)
  from space 10752K, 99% used [0x00000000ece00000,0x00000000ed87bd40,0x00000000ed880000)
  to   space 16384K, 0% used [0x00000000ede80000,0x00000000ede80000,0x00000000eee80000)
 ParOldGen       total 331776K, used 279810K [0x00000000c0000000, 0x00000000d4400000, 0x00000000eab00000)
  object space 331776K, 84% used [0x00000000c0000000,0x00000000d1140b18,0x00000000d4400000)
 Metaspace       used 72241K, committed 73472K, reserved 1179648K
  class space    used 7756K, committed 8256K, reserved 1048576K
}
Event: 12.909 GC heap after
{Heap after GC invocations=144 (full 9):
 PSYoungGen      total 48640K, used 9917K [0x00000000eab00000, 0x00000000ee880000, 0x0000000100000000)
  eden space 38400K, 0% used [0x00000000eab00000,0x00000000eab00000,0x00000000ed080000)
  from space 10240K, 96% used [0x00000000ede80000,0x00000000ee82f660,0x00000000ee880000)
  to   space 12288K, 0% used [0x00000000ed080000,0x00000000ed080000,0x00000000edc80000)
 ParOldGen       total 331776K, used 285974K [0x00000000c0000000, 0x00000000d4400000, 0x00000000eab00000)
  object space 331776K, 86% used [0x00000000c0000000,0x00000000d1745870,0x00000000d4400000)
 Metaspace       used 72241K, committed 73472K, reserved 1179648K
  class space    used 7756K, committed 8256K, reserved 1048576K
}
Event: 12.959 GC heap before
{Heap before GC invocations=145 (full 9):
 PSYoungGen      total 48640K, used 48317K [0x00000000eab00000, 0x00000000ee880000, 0x0000000100000000)
  eden space 38400K, 100% used [0x00000000eab00000,0x00000000ed080000,0x00000000ed080000)
  from space 10240K, 96% used [0x00000000ede80000,0x00000000ee82f660,0x00000000ee880000)
  to   space 12288K, 0% used [0x00000000ed080000,0x00000000ed080000,0x00000000edc80000)
 ParOldGen       total 331776K, used 285974K [0x00000000c0000000, 0x00000000d4400000, 0x00000000eab00000)
  object space 331776K, 86% used [0x00000000c0000000,0x00000000d1745870,0x00000000d4400000)
 Metaspace       used 73275K, committed 74432K, reserved 1179648K
  class space    used 7869K, committed 8320K, reserved 1048576K
}
Event: 12.964 GC heap after
{Heap after GC invocations=145 (full 9):
 PSYoungGen      total 50688K, used 12260K [0x00000000eab00000, 0x00000000ef780000, 0x0000000100000000)
  eden space 38400K, 0% used [0x00000000eab00000,0x00000000eab00000,0x00000000ed080000)
  from space 12288K, 99% used [0x00000000ed080000,0x00000000edc79150,0x00000000edc80000)
  to   space 18432K, 0% used [0x00000000ee580000,0x00000000ee580000,0x00000000ef780000)
 ParOldGen       total 331776K, used 290676K [0x00000000c0000000, 0x00000000d4400000, 0x00000000eab00000)
  object space 331776K, 87% used [0x00000000c0000000,0x00000000d1bdd328,0x00000000d4400000)
 Metaspace       used 73275K, committed 74432K, reserved 1179648K
  class space    used 7869K, committed 8320K, reserved 1048576K
}
Event: 13.004 GC heap before
{Heap before GC invocations=146 (full 9):
 PSYoungGen      total 50688K, used 50660K [0x00000000eab00000, 0x00000000ef780000, 0x0000000100000000)
  eden space 38400K, 100% used [0x00000000eab00000,0x00000000ed080000,0x00000000ed080000)
  from space 12288K, 99% used [0x00000000ed080000,0x00000000edc79150,0x00000000edc80000)
  to   space 18432K, 0% used [0x00000000ee580000,0x00000000ee580000,0x00000000ef780000)
 ParOldGen       total 331776K, used 290676K [0x00000000c0000000, 0x00000000d4400000, 0x00000000eab00000)
  object space 331776K, 87% used [0x00000000c0000000,0x00000000d1bdd328,0x00000000d4400000)
 Metaspace       used 73396K, committed 74560K, reserved 1179648K
  class space    used 7890K, committed 8384K, reserved 1048576K
}
Event: 13.010 GC heap after
{Heap after GC invocations=146 (full 9):
 PSYoungGen      total 58368K, used 16604K [0x00000000eab00000, 0x00000000ef600000, 0x0000000100000000)
  eden space 41472K, 0% used [0x00000000eab00000,0x00000000eab00000,0x00000000ed380000)
  from space 16896K, 98% used [0x00000000ee580000,0x00000000ef5b7038,0x00000000ef600000)
  to   space 16896K, 0% used [0x00000000ed500000,0x00000000ed500000,0x00000000ee580000)
 ParOldGen       total 331776K, used 297579K [0x00000000c0000000, 0x00000000d4400000, 0x00000000eab00000)
  object space 331776K, 89% used [0x00000000c0000000,0x00000000d229ae80,0x00000000d4400000)
 Metaspace       used 73396K, committed 74560K, reserved 1179648K
  class space    used 7890K, committed 8384K, reserved 1048576K
}
Event: 13.041 GC heap before
{Heap before GC invocations=147 (full 9):
 PSYoungGen      total 58368K, used 58076K [0x00000000eab00000, 0x00000000ef600000, 0x0000000100000000)
  eden space 41472K, 100% used [0x00000000eab00000,0x00000000ed380000,0x00000000ed380000)
  from space 16896K, 98% used [0x00000000ee580000,0x00000000ef5b7038,0x00000000ef600000)
  to   space 16896K, 0% used [0x00000000ed500000,0x00000000ed500000,0x00000000ee580000)
 ParOldGen       total 331776K, used 297579K [0x00000000c0000000, 0x00000000d4400000, 0x00000000eab00000)
  object space 331776K, 89% used [0x00000000c0000000,0x00000000d229ae80,0x00000000d4400000)
 Metaspace       used 73397K, committed 74560K, reserved 1179648K
  class space    used 7890K, committed 8384K, reserved 1048576K
}
Event: 13.047 GC heap after
{Heap after GC invocations=147 (full 9):
 PSYoungGen      total 59904K, used 16880K [0x00000000eab00000, 0x00000000f1980000, 0x0000000100000000)
  eden space 43008K, 0% used [0x00000000eab00000,0x00000000eab00000,0x00000000ed500000)
  from space 16896K, 99% used [0x00000000ed500000,0x00000000ee57c1d0,0x00000000ee580000)
  to   space 33792K, 0% used [0x00000000ef880000,0x00000000ef880000,0x00000000f1980000)
 ParOldGen       total 331776K, used 311749K [0x00000000c0000000, 0x00000000d4400000, 0x00000000eab00000)
  object space 331776K, 93% used [0x00000000c0000000,0x00000000d30715a8,0x00000000d4400000)
 Metaspace       used 73397K, committed 74560K, reserved 1179648K
  class space    used 7890K, committed 8384K, reserved 1048576K
}
Event: 13.222 GC heap before
{Heap before GC invocations=148 (full 9):
 PSYoungGen      total 59904K, used 59888K [0x00000000eab00000, 0x00000000f1980000, 0x0000000100000000)
  eden space 43008K, 100% used [0x00000000eab00000,0x00000000ed500000,0x00000000ed500000)
  from space 16896K, 99% used [0x00000000ed500000,0x00000000ee57c1d0,0x00000000ee580000)
  to   space 33792K, 0% used [0x00000000ef880000,0x00000000ef880000,0x00000000f1980000)
 ParOldGen       total 331776K, used 311749K [0x00000000c0000000, 0x00000000d4400000, 0x00000000eab00000)
  object space 331776K, 93% used [0x00000000c0000000,0x00000000d30715a8,0x00000000d4400000)
 Metaspace       used 73436K, committed 74624K, reserved 1179648K
  class space    used 7892K, committed 8384K, reserved 1048576K
}
Event: 13.230 GC heap after
{Heap after GC invocations=148 (full 9):
 PSYoungGen      total 73216K, used 26511K [0x00000000eab00000, 0x00000000f1280000, 0x0000000100000000)
  eden space 46592K, 0% used [0x00000000eab00000,0x00000000eab00000,0x00000000ed880000)
  from space 26624K, 99% used [0x00000000ef880000,0x00000000f1263cb0,0x00000000f1280000)
  to   space 28160K, 0% used [0x00000000edb80000,0x00000000edb80000,0x00000000ef700000)
 ParOldGen       total 331776K, used 321270K [0x00000000c0000000, 0x00000000d4400000, 0x00000000eab00000)
  object space 331776K, 96% used [0x00000000c0000000,0x00000000d39bd900,0x00000000d4400000)
 Metaspace       used 73436K, committed 74624K, reserved 1179648K
  class space    used 7892K, committed 8384K, reserved 1048576K
}
Event: 13.582 GC heap before
{Heap before GC invocations=149 (full 10):
 PSYoungGen      total 73216K, used 73103K [0x00000000eab00000, 0x00000000f1280000, 0x0000000100000000)
  eden space 46592K, 100% used [0x00000000eab00000,0x00000000ed880000,0x00000000ed880000)
  from space 26624K, 99% used [0x00000000ef880000,0x00000000f1263cb0,0x00000000f1280000)
  to   space 28160K, 0% used [0x00000000edb80000,0x00000000edb80000,0x00000000ef700000)
 ParOldGen       total 331776K, used 321270K [0x00000000c0000000, 0x00000000d4400000, 0x00000000eab00000)
  object space 331776K, 96% used [0x00000000c0000000,0x00000000d39bd900,0x00000000d4400000)
 Metaspace       used 73522K, committed 74688K, reserved 1179648K
  class space    used 7899K, committed 8384K, reserved 1048576K
}
Event: 13.816 GC heap after
{Heap after GC invocations=149 (full 10):
 PSYoungGen      total 74752K, used 40854K [0x00000000eab00000, 0x00000000f1300000, 0x0000000100000000)
  eden space 46592K, 87% used [0x00000000eab00000,0x00000000ed2e5948,0x00000000ed880000)
  from space 28160K, 0% used [0x00000000edb80000,0x00000000edb80000,0x00000000ef700000)
  to   space 26624K, 0% used [0x00000000ef880000,0x00000000ef880000,0x00000000f1280000)
 ParOldGen       total 414720K, used 331679K [0x00000000c0000000, 0x00000000d9500000, 0x00000000eab00000)
  object space 414720K, 79% used [0x00000000c0000000,0x00000000d43e7c48,0x00000000d9500000)
 Metaspace       used 73522K, committed 74688K, reserved 1179648K
  class space    used 7899K, committed 8384K, reserved 1048576K
}
Event: 13.855 GC heap before
{Heap before GC invocations=150 (full 10):
 PSYoungGen      total 74752K, used 46347K [0x00000000eab00000, 0x00000000f1300000, 0x0000000100000000)
  eden space 46592K, 99% used [0x00000000eab00000,0x00000000ed842fe0,0x00000000ed880000)
  from space 28160K, 0% used [0x00000000edb80000,0x00000000edb80000,0x00000000ef700000)
  to   space 26624K, 0% used [0x00000000ef880000,0x00000000ef880000,0x00000000f1280000)
 ParOldGen       total 414720K, used 331679K [0x00000000c0000000, 0x00000000d9500000, 0x00000000eab00000)
  object space 414720K, 79% used [0x00000000c0000000,0x00000000d43e7c48,0x00000000d9500000)
 Metaspace       used 73540K, committed 74752K, reserved 1179648K
  class space    used 7899K, committed 8384K, reserved 1048576K
}
Event: 13.872 GC heap after
{Heap after GC invocations=150 (full 10):
 PSYoungGen      total 56320K, used 26611K [0x00000000eab00000, 0x00000000f3d00000, 0x0000000100000000)
  eden space 29696K, 0% used [0x00000000eab00000,0x00000000eab00000,0x00000000ec800000)
  from space 26624K, 99% used [0x00000000ef880000,0x00000000f127cff0,0x00000000f1280000)
  to   space 49664K, 0% used [0x00000000ec800000,0x00000000ec800000,0x00000000ef880000)
 ParOldGen       total 414720K, used 351147K [0x00000000c0000000, 0x00000000d9500000, 0x00000000eab00000)
  object space 414720K, 84% used [0x00000000c0000000,0x00000000d56eae18,0x00000000d9500000)
 Metaspace       used 73540K, committed 74752K, reserved 1179648K
  class space    used 7899K, committed 8384K, reserved 1048576K
}
Event: 14.241 GC heap before
{Heap before GC invocations=151 (full 10):
 PSYoungGen      total 56320K, used 56209K [0x00000000eab00000, 0x00000000f3d00000, 0x0000000100000000)
  eden space 29696K, 99% used [0x00000000eab00000,0x00000000ec7e7530,0x00000000ec800000)
  from space 26624K, 99% used [0x00000000ef880000,0x00000000f127cff0,0x00000000f1280000)
  to   space 49664K, 0% used [0x00000000ec800000,0x00000000ec800000,0x00000000ef880000)
 ParOldGen       total 414720K, used 351147K [0x00000000c0000000, 0x00000000d9500000, 0x00000000eab00000)
  object space 414720K, 84% used [0x00000000c0000000,0x00000000d56eae18,0x00000000d9500000)
 Metaspace       used 73607K, committed 74816K, reserved 1179648K
  class space    used 7903K, committed 8384K, reserved 1048576K
}
Event: 14.249 GC heap after
{Heap after GC invocations=151 (full 10):
 PSYoungGen      total 50688K, used 20608K [0x00000000eab00000, 0x00000000f0500000, 0x0000000100000000)
  eden space 29696K, 0% used [0x00000000eab00000,0x00000000eab00000,0x00000000ec800000)
  from space 20992K, 98% used [0x00000000ec800000,0x00000000edc202d0,0x00000000edc80000)
  to   space 30208K, 0% used [0x00000000ee780000,0x00000000ee780000,0x00000000f0500000)
 ParOldGen       total 414720K, used 367195K [0x00000000c0000000, 0x00000000d9500000, 0x00000000eab00000)
  object space 414720K, 88% used [0x00000000c0000000,0x00000000d6696ca8,0x00000000d9500000)
 Metaspace       used 73607K, committed 74816K, reserved 1179648K
  class space    used 7903K, committed 8384K, reserved 1048576K
}
Event: 14.622 GC heap before
{Heap before GC invocations=152 (full 10):
 PSYoungGen      total 50688K, used 50304K [0x00000000eab00000, 0x00000000f0500000, 0x0000000100000000)
  eden space 29696K, 100% used [0x00000000eab00000,0x00000000ec800000,0x00000000ec800000)
  from space 20992K, 98% used [0x00000000ec800000,0x00000000edc202d0,0x00000000edc80000)
  to   space 30208K, 0% used [0x00000000ee780000,0x00000000ee780000,0x00000000f0500000)
 ParOldGen       total 414720K, used 367195K [0x00000000c0000000, 0x00000000d9500000, 0x00000000eab00000)
  object space 414720K, 88% used [0x00000000c0000000,0x00000000d6696ca8,0x00000000d9500000)
 Metaspace       used 75526K, committed 76672K, reserved 1179648K
  class space    used 8170K, committed 8640K, reserved 1048576K
}
Event: 14.626 GC heap after
{Heap after GC invocations=152 (full 10):
 PSYoungGen      total 46592K, used 15272K [0x00000000eab00000, 0x00000000ef680000, 0x0000000100000000)
  eden space 31232K, 0% used [0x00000000eab00000,0x00000000eab00000,0x00000000ec980000)
  from space 15360K, 99% used [0x00000000ee780000,0x00000000ef66a398,0x00000000ef680000)
  to   space 18944K, 0% used [0x00000000ed180000,0x00000000ed180000,0x00000000ee400000)
 ParOldGen       total 414720K, used 367203K [0x00000000c0000000, 0x00000000d9500000, 0x00000000eab00000)
  object space 414720K, 88% used [0x00000000c0000000,0x00000000d6698ca8,0x00000000d9500000)
 Metaspace       used 75526K, committed 76672K, reserved 1179648K
  class space    used 8170K, committed 8640K, reserved 1048576K
}
Event: 39.967 GC heap before
{Heap before GC invocations=153 (full 10):
 PSYoungGen      total 46592K, used 46504K [0x00000000eab00000, 0x00000000ef680000, 0x0000000100000000)
  eden space 31232K, 100% used [0x00000000eab00000,0x00000000ec980000,0x00000000ec980000)
  from space 15360K, 99% used [0x00000000ee780000,0x00000000ef66a398,0x00000000ef680000)
  to   space 18944K, 0% used [0x00000000ed180000,0x00000000ed180000,0x00000000ee400000)
 ParOldGen       total 414720K, used 367203K [0x00000000c0000000, 0x00000000d9500000, 0x00000000eab00000)
  object space 414720K, 88% used [0x00000000c0000000,0x00000000d6698ca8,0x00000000d9500000)
 Metaspace       used 77201K, committed 78464K, reserved 1179648K
  class space    used 8368K, committed 8896K, reserved 1048576K
}
Event: 39.973 GC heap after
{Heap after GC invocations=153 (full 10):
 PSYoungGen      total 48128K, used 16664K [0x00000000eab00000, 0x00000000eeb80000, 0x0000000100000000)
  eden space 31232K, 0% used [0x00000000eab00000,0x00000000eab00000,0x00000000ec980000)
  from space 16896K, 98% used [0x00000000ed180000,0x00000000ee1c63c8,0x00000000ee200000)
  to   space 9728K, 0% used [0x00000000ee200000,0x00000000ee200000,0x00000000eeb80000)
 ParOldGen       total 414720K, used 367203K [0x00000000c0000000, 0x00000000d9500000, 0x00000000eab00000)
  object space 414720K, 88% used [0x00000000c0000000,0x00000000d6698ca8,0x00000000d9500000)
 Metaspace       used 77201K, committed 78464K, reserved 1179648K
  class space    used 8368K, committed 8896K, reserved 1048576K
}

