# JRE version: OpenJDK Runtime Environment Temurin-17.0.12+7 (17.0.12+7) (build 17.0.12+7)
# Java VM: OpenJDK 64-Bit Server VM Temurin-17.0.12+7 (17.0.12+7, mixed mode, tiered, compressed oops, compressed class ptrs, parallel gc, windows-amd64)
GC Precious Log:
 CPUs: 12 total, 12 available
 Memory: 16295M
 Large Page Support: Disabled
 NUMA Support: Disabled
 Compressed Oops: Enabled (32-bit)
 Alignments: Space 512K, Generation 512K, Heap 2M
 Heap Min Capacity: 100M
 Heap Initial Capacity: 100M
 Heap Max Capacity: 1G
 Pre-touch: Disabled
 Parallel Workers: 10
Heap:
 PSYoungGen      total 15360K, used 1221K [0x00000000eab00000, 0x00000000ebe00000, 0x0000000100000000)
  eden space 13824K, 0% used [0x00000000eab00000,0x00000000eab00000,0x00000000eb880000)
  from space 1536K, 79% used [0x00000000eb980000,0x00000000ebab1618,0x00000000ebb00000)
  to   space 2048K, 0% used [0x00000000ebc00000,0x00000000ebc00000,0x00000000ebe00000)
 ParOldGen       total 83968K, used 79753K [0x00000000c0000000, 0x00000000c5200000, 0x00000000eab00000)
  object space 83968K, 94% used [0x00000000c0000000,0x00000000c4de2490,0x00000000c5200000)
 Metaspace       used 64949K, committed 66048K, reserved 1114112K
  class space    used 6936K, committed 7424K, reserved 1048576K
GC Heap History (20 events):
Event: 9.325 GC heap before
{Heap before GC invocations=31 (full 2):
 PSYoungGen      total 22528K, used 22402K [0x00000000eab00000, 0x00000000ec600000, 0x0000000100000000)
  eden space 20992K, 100% used [0x00000000eab00000,0x00000000ebf80000,0x00000000ebf80000)
  from space 1536K, 91% used [0x00000000ec480000,0x00000000ec5e0938,0x00000000ec600000)
  to   space 2048K, 0% used [0x00000000ec200000,0x00000000ec200000,0x00000000ec400000)
 ParOldGen       total 68608K, used 38592K [0x00000000c0000000, 0x00000000c4300000, 0x00000000eab00000)
  object space 68608K, 56% used [0x00000000c0000000,0x00000000c25b0300,0x00000000c4300000)
 Metaspace       used 57870K, committed 59008K, reserved 1114112K
  class space    used 6219K, committed 6784K, reserved 1048576K
}
Event: 9.325 GC heap after
{Heap after GC invocations=31 (full 2):
 PSYoungGen      total 23040K, used 288K [0x00000000eab00000, 0x00000000ec500000, 0x0000000100000000)
  eden space 20992K, 0% used [0x00000000eab00000,0x00000000eab00000,0x00000000ebf80000)
  from space 2048K, 14% used [0x00000000ec200000,0x00000000ec248000,0x00000000ec400000)
  to   space 1024K, 0% used [0x00000000ec400000,0x00000000ec400000,0x00000000ec500000)
 ParOldGen       total 68608K, used 38736K [0x00000000c0000000, 0x00000000c4300000, 0x00000000eab00000)
  object space 68608K, 56% used [0x00000000c0000000,0x00000000c25d4300,0x00000000c4300000)
 Metaspace       used 57870K, committed 59008K, reserved 1114112K
  class space    used 6219K, committed 6784K, reserved 1048576K
}
Event: 9.371 GC heap before
{Heap before GC invocations=32 (full 2):
 PSYoungGen      total 23040K, used 4317K [0x00000000eab00000, 0x00000000ec500000, 0x0000000100000000)
  eden space 20992K, 19% used [0x00000000eab00000,0x00000000eaeef7d8,0x00000000ebf80000)
  from space 2048K, 14% used [0x00000000ec200000,0x00000000ec248000,0x00000000ec400000)
  to   space 1024K, 0% used [0x00000000ec400000,0x00000000ec400000,0x00000000ec500000)
 ParOldGen       total 68608K, used 38736K [0x00000000c0000000, 0x00000000c4300000, 0x00000000eab00000)
  object space 68608K, 56% used [0x00000000c0000000,0x00000000c25d4300,0x00000000c4300000)
 Metaspace       used 58739K, committed 59776K, reserved 1114112K
  class space    used 6273K, committed 6784K, reserved 1048576K
}
Event: 9.372 GC heap after
{Heap after GC invocations=32 (full 2):
 PSYoungGen      total 21504K, used 288K [0x00000000eab00000, 0x00000000ec480000, 0x0000000100000000)
  eden space 20992K, 0% used [0x00000000eab00000,0x00000000eab00000,0x00000000ebf80000)
  from space 512K, 56% used [0x00000000ec400000,0x00000000ec448000,0x00000000ec480000)
  to   space 512K, 0% used [0x00000000ec380000,0x00000000ec380000,0x00000000ec400000)
 ParOldGen       total 68608K, used 38800K [0x00000000c0000000, 0x00000000c4300000, 0x00000000eab00000)
  object space 68608K, 56% used [0x00000000c0000000,0x00000000c25e4300,0x00000000c4300000)
 Metaspace       used 58739K, committed 59776K, reserved 1114112K
  class space    used 6273K, committed 6784K, reserved 1048576K
}
Event: 9.372 GC heap before
{Heap before GC invocations=33 (full 3):
 PSYoungGen      total 21504K, used 288K [0x00000000eab00000, 0x00000000ec480000, 0x0000000100000000)
  eden space 20992K, 0% used [0x00000000eab00000,0x00000000eab00000,0x00000000ebf80000)
  from space 512K, 56% used [0x00000000ec400000,0x00000000ec448000,0x00000000ec480000)
  to   space 512K, 0% used [0x00000000ec380000,0x00000000ec380000,0x00000000ec400000)
 ParOldGen       total 68608K, used 38800K [0x00000000c0000000, 0x00000000c4300000, 0x00000000eab00000)
  object space 68608K, 56% used [0x00000000c0000000,0x00000000c25e4300,0x00000000c4300000)
 Metaspace       used 58739K, committed 59776K, reserved 1114112K
  class space    used 6273K, committed 6784K, reserved 1048576K
}
Event: 9.406 GC heap after
{Heap after GC invocations=33 (full 3):
 PSYoungGen      total 21504K, used 0K [0x00000000eab00000, 0x00000000ec480000, 0x0000000100000000)
  eden space 20992K, 0% used [0x00000000eab00000,0x00000000eab00000,0x00000000ebf80000)
  from space 512K, 0% used [0x00000000ec400000,0x00000000ec400000,0x00000000ec480000)
  to   space 512K, 0% used [0x00000000ec380000,0x00000000ec380000,0x00000000ec400000)
 ParOldGen       total 68608K, used 36737K [0x00000000c0000000, 0x00000000c4300000, 0x00000000eab00000)
  object space 68608K, 53% used [0x00000000c0000000,0x00000000c23e05e8,0x00000000c4300000)
 Metaspace       used 58739K, committed 59776K, reserved 1114112K
  class space    used 6273K, committed 6784K, reserved 1048576K
}
Event: 9.518 GC heap before
{Heap before GC invocations=34 (full 3):
 PSYoungGen      total 21504K, used 20992K [0x00000000eab00000, 0x00000000ec480000, 0x0000000100000000)
  eden space 20992K, 100% used [0x00000000eab00000,0x00000000ebf80000,0x00000000ebf80000)
  from space 512K, 0% used [0x00000000ec400000,0x00000000ec400000,0x00000000ec480000)
  to   space 512K, 0% used [0x00000000ec380000,0x00000000ec380000,0x00000000ec400000)
 ParOldGen       total 68608K, used 36737K [0x00000000c0000000, 0x00000000c4300000, 0x00000000eab00000)
  object space 68608K, 53% used [0x00000000c0000000,0x00000000c23e05e8,0x00000000c4300000)
 Metaspace       used 60265K, committed 61376K, reserved 1114112K
  class space    used 6455K, committed 6976K, reserved 1048576K
}
Event: 9.520 GC heap after
{Heap after GC invocations=34 (full 3):
 PSYoungGen      total 21504K, used 510K [0x00000000eab00000, 0x00000000ec680000, 0x0000000100000000)
  eden space 20992K, 0% used [0x00000000eab00000,0x00000000eab00000,0x00000000ebf80000)
  from space 512K, 99% used [0x00000000ec380000,0x00000000ec3ffb50,0x00000000ec400000)
  to   space 2560K, 0% used [0x00000000ec400000,0x00000000ec400000,0x00000000ec680000)
 ParOldGen       total 68608K, used 39012K [0x00000000c0000000, 0x00000000c4300000, 0x00000000eab00000)
  object space 68608K, 56% used [0x00000000c0000000,0x00000000c2619138,0x00000000c4300000)
 Metaspace       used 60265K, committed 61376K, reserved 1114112K
  class space    used 6455K, committed 6976K, reserved 1048576K
}
Event: 9.594 GC heap before
{Heap before GC invocations=35 (full 3):
 PSYoungGen      total 21504K, used 21502K [0x00000000eab00000, 0x00000000ec680000, 0x0000000100000000)
  eden space 20992K, 100% used [0x00000000eab00000,0x00000000ebf80000,0x00000000ebf80000)
  from space 512K, 99% used [0x00000000ec380000,0x00000000ec3ffb50,0x00000000ec400000)
  to   space 2560K, 0% used [0x00000000ec400000,0x00000000ec400000,0x00000000ec680000)
 ParOldGen       total 68608K, used 39012K [0x00000000c0000000, 0x00000000c4300000, 0x00000000eab00000)
  object space 68608K, 56% used [0x00000000c0000000,0x00000000c2619138,0x00000000c4300000)
 Metaspace       used 61504K, committed 62592K, reserved 1114112K
  class space    used 6581K, committed 7104K, reserved 1048576K
}
Event: 9.595 GC heap after
{Heap after GC invocations=35 (full 3):
 PSYoungGen      total 23552K, used 2534K [0x00000000eab00000, 0x00000000ec880000, 0x0000000100000000)
  eden space 20992K, 0% used [0x00000000eab00000,0x00000000eab00000,0x00000000ebf80000)
  from space 2560K, 99% used [0x00000000ec400000,0x00000000ec679b58,0x00000000ec680000)
  to   space 4608K, 0% used [0x00000000ebf80000,0x00000000ebf80000,0x00000000ec400000)
 ParOldGen       total 68608K, used 40304K [0x00000000c0000000, 0x00000000c4300000, 0x00000000eab00000)
  object space 68608K, 58% used [0x00000000c0000000,0x00000000c275c368,0x00000000c4300000)
 Metaspace       used 61504K, committed 62592K, reserved 1114112K
  class space    used 6581K, committed 7104K, reserved 1048576K
}
Event: 9.622 GC heap before
{Heap before GC invocations=36 (full 3):
 PSYoungGen      total 23552K, used 23526K [0x00000000eab00000, 0x00000000ec880000, 0x0000000100000000)
  eden space 20992K, 100% used [0x00000000eab00000,0x00000000ebf80000,0x00000000ebf80000)
  from space 2560K, 99% used [0x00000000ec400000,0x00000000ec679b58,0x00000000ec680000)
  to   space 4608K, 0% used [0x00000000ebf80000,0x00000000ebf80000,0x00000000ec400000)
 ParOldGen       total 68608K, used 40304K [0x00000000c0000000, 0x00000000c4300000, 0x00000000eab00000)
  object space 68608K, 58% used [0x00000000c0000000,0x00000000c275c368,0x00000000c4300000)
 Metaspace       used 61717K, committed 62912K, reserved 1114112K
  class space    used 6598K, committed 7168K, reserved 1048576K
}
Event: 9.624 GC heap after
{Heap after GC invocations=36 (full 3):
 PSYoungGen      total 23040K, used 1760K [0x00000000eab00000, 0x00000000ec480000, 0x0000000100000000)
  eden space 20992K, 0% used [0x00000000eab00000,0x00000000eab00000,0x00000000ebf80000)
  from space 2048K, 85% used [0x00000000ebf80000,0x00000000ec138148,0x00000000ec180000)
  to   space 2560K, 0% used [0x00000000ec200000,0x00000000ec200000,0x00000000ec480000)
 ParOldGen       total 68608K, used 42779K [0x00000000c0000000, 0x00000000c4300000, 0x00000000eab00000)
  object space 68608K, 62% used [0x00000000c0000000,0x00000000c29c6c90,0x00000000c4300000)
 Metaspace       used 61717K, committed 62912K, reserved 1114112K
  class space    used 6598K, committed 7168K, reserved 1048576K
}
Event: 9.667 GC heap before
{Heap before GC invocations=37 (full 3):
 PSYoungGen      total 23040K, used 22752K [0x00000000eab00000, 0x00000000ec480000, 0x0000000100000000)
  eden space 20992K, 100% used [0x00000000eab00000,0x00000000ebf80000,0x00000000ebf80000)
  from space 2048K, 85% used [0x00000000ebf80000,0x00000000ec138148,0x00000000ec180000)
  to   space 2560K, 0% used [0x00000000ec200000,0x00000000ec200000,0x00000000ec480000)
 ParOldGen       total 68608K, used 42779K [0x00000000c0000000, 0x00000000c4300000, 0x00000000eab00000)
  object space 68608K, 62% used [0x00000000c0000000,0x00000000c29c6c90,0x00000000c4300000)
 Metaspace       used 62334K, committed 63552K, reserved 1114112K
  class space    used 6641K, committed 7168K, reserved 1048576K
}
Event: 9.670 GC heap after
{Heap after GC invocations=37 (full 3):
 PSYoungGen      total 19456K, used 2555K [0x00000000eab00000, 0x00000000ecc80000, 0x0000000100000000)
  eden space 16896K, 0% used [0x00000000eab00000,0x00000000eab00000,0x00000000ebb80000)
  from space 2560K, 99% used [0x00000000ec200000,0x00000000ec47ef60,0x00000000ec480000)
  to   space 6656K, 0% used [0x00000000ebb80000,0x00000000ebb80000,0x00000000ec200000)
 ParOldGen       total 68608K, used 45785K [0x00000000c0000000, 0x00000000c4300000, 0x00000000eab00000)
  object space 68608K, 66% used [0x00000000c0000000,0x00000000c2cb66e8,0x00000000c4300000)
 Metaspace       used 62334K, committed 63552K, reserved 1114112K
  class space    used 6641K, committed 7168K, reserved 1048576K
}
Event: 9.715 GC heap before
{Heap before GC invocations=38 (full 3):
 PSYoungGen      total 19456K, used 19451K [0x00000000eab00000, 0x00000000ecc80000, 0x0000000100000000)
  eden space 16896K, 100% used [0x00000000eab00000,0x00000000ebb80000,0x00000000ebb80000)
  from space 2560K, 99% used [0x00000000ec200000,0x00000000ec47ef60,0x00000000ec480000)
  to   space 6656K, 0% used [0x00000000ebb80000,0x00000000ebb80000,0x00000000ec200000)
 ParOldGen       total 68608K, used 45785K [0x00000000c0000000, 0x00000000c4300000, 0x00000000eab00000)
  object space 68608K, 66% used [0x00000000c0000000,0x00000000c2cb66e8,0x00000000c4300000)
 Metaspace       used 63544K, committed 64640K, reserved 1114112K
  class space    used 6764K, committed 7232K, reserved 1048576K
}
Event: 9.717 GC heap after
{Heap after GC invocations=38 (full 3):
 PSYoungGen      total 19456K, used 2208K [0x00000000eab00000, 0x00000000ec280000, 0x0000000100000000)
  eden space 16896K, 0% used [0x00000000eab00000,0x00000000eab00000,0x00000000ebb80000)
  from space 2560K, 86% used [0x00000000ebb80000,0x00000000ebda8280,0x00000000ebe00000)
  to   space 3584K, 0% used [0x00000000ebf00000,0x00000000ebf00000,0x00000000ec280000)
 ParOldGen       total 68608K, used 48278K [0x00000000c0000000, 0x00000000c4300000, 0x00000000eab00000)
  object space 68608K, 70% used [0x00000000c0000000,0x00000000c2f258e8,0x00000000c4300000)
 Metaspace       used 63544K, committed 64640K, reserved 1114112K
  class space    used 6764K, committed 7232K, reserved 1048576K
}
Event: 9.793 GC heap before
{Heap before GC invocations=39 (full 3):
 PSYoungGen      total 19456K, used 19104K [0x00000000eab00000, 0x00000000ec280000, 0x0000000100000000)
  eden space 16896K, 100% used [0x00000000eab00000,0x00000000ebb80000,0x00000000ebb80000)
  from space 2560K, 86% used [0x00000000ebb80000,0x00000000ebda8280,0x00000000ebe00000)
  to   space 3584K, 0% used [0x00000000ebf00000,0x00000000ebf00000,0x00000000ec280000)
 ParOldGen       total 68608K, used 48278K [0x00000000c0000000, 0x00000000c4300000, 0x00000000eab00000)
  object space 68608K, 70% used [0x00000000c0000000,0x00000000c2f258e8,0x00000000c4300000)
 Metaspace       used 64226K, committed 65408K, reserved 1114112K
  class space    used 6859K, committed 7360K, reserved 1048576K
}
Event: 9.795 GC heap after
{Heap after GC invocations=39 (full 3):
 PSYoungGen      total 17408K, used 3555K [0x00000000eab00000, 0x00000000ec880000, 0x0000000100000000)
  eden space 13824K, 0% used [0x00000000eab00000,0x00000000eab00000,0x00000000eb880000)
  from space 3584K, 99% used [0x00000000ebf00000,0x00000000ec278fb8,0x00000000ec280000)
  to   space 6656K, 0% used [0x00000000eb880000,0x00000000eb880000,0x00000000ebf00000)
 ParOldGen       total 68608K, used 50665K [0x00000000c0000000, 0x00000000c4300000, 0x00000000eab00000)
  object space 68608K, 73% used [0x00000000c0000000,0x00000000c317a760,0x00000000c4300000)
 Metaspace       used 64226K, committed 65408K, reserved 1114112K
  class space    used 6859K, committed 7360K, reserved 1048576K
}
Event: 9.842 GC heap before
{Heap before GC invocations=40 (full 3):
 PSYoungGen      total 17408K, used 17379K [0x00000000eab00000, 0x00000000ec880000, 0x0000000100000000)
  eden space 13824K, 100% used [0x00000000eab00000,0x00000000eb880000,0x00000000eb880000)
  from space 3584K, 99% used [0x00000000ebf00000,0x00000000ec278fb8,0x00000000ec280000)
  to   space 6656K, 0% used [0x00000000eb880000,0x00000000eb880000,0x00000000ebf00000)
 ParOldGen       total 68608K, used 50665K [0x00000000c0000000, 0x00000000c4300000, 0x00000000eab00000)
  object space 68608K, 73% used [0x00000000c0000000,0x00000000c317a760,0x00000000c4300000)
 Metaspace       used 64644K, committed 65856K, reserved 1114112K
  class space    used 6906K, committed 7424K, reserved 1048576K
}
Event: 9.844 GC heap after
{Heap after GC invocations=40 (full 3):
 PSYoungGen      total 18432K, used 4097K [0x00000000eab00000, 0x00000000ec280000, 0x0000000100000000)
  eden space 13824K, 0% used [0x00000000eab00000,0x00000000eab00000,0x00000000eb880000)
  from space 4608K, 88% used [0x00000000eb880000,0x00000000ebc807d0,0x00000000ebd00000)
  to   space 5120K, 0% used [0x00000000ebd80000,0x00000000ebd80000,0x00000000ec280000)
 ParOldGen       total 68608K, used 54165K [0x00000000c0000000, 0x00000000c4300000, 0x00000000eab00000)
  object space 68608K, 78% used [0x00000000c0000000,0x00000000c34e57d0,0x00000000c4300000)
 Metaspace       used 64644K, committed 65856K, reserved 1114112K
  class space    used 6906K, committed 7424K, reserved 1048576K
}

