# JRE version: OpenJDK Runtime Environment Temurin-17.0.13+11 (17.0.13+11) (build 17.0.13+11)
# Java VM: OpenJDK 64-Bit Server VM Temurin-17.0.13+11 (17.0.13+11, mixed mode, tiered, compressed oops, compressed class ptrs, parallel gc, windows-amd64)
GC Precious Log:
 CPUs: 12 total, 12 available
 Memory: 16295M
 Large Page Support: Disabled
 NUMA Support: Disabled
 Compressed Oops: Enabled (32-bit)
 Alignments: Space 512K, Generation 512K, Heap 2M
 Heap Min Capacity: 100M
 Heap Initial Capacity: 100M
 Heap Max Capacity: 1G
 Pre-touch: Disabled
 Parallel Workers: 10
Heap:
 PSYoungGen      total 1024K, used 1024K [0x00000000eab00000, 0x00000000eb300000, 0x0000000100000000)
  eden space 512K, 100% used [0x00000000eab00000,0x00000000eab80000,0x00000000eab80000)
  from space 512K, 100% used [0x00000000eae80000,0x00000000eaf00000,0x00000000eaf00000)
  to   space 3072K, 0% used [0x00000000eab80000,0x00000000eab80000,0x00000000eae80000)
 ParOldGen       total 208384K, used 208356K [0x00000000c0000000, 0x00000000ccb80000, 0x00000000eab00000)
  object space 208384K, 99% used [0x00000000c0000000,0x00000000ccb792d0,0x00000000ccb80000)
 Metaspace       used 92290K, committed 93632K, reserved 1179648K
  class space    used 9497K, committed 10112K, reserved 1048576K
GC Heap History (20 events):
Event: 1088.581 GC heap after
{Heap after GC invocations=1801 (full 24):
 PSYoungGen      total 3072K, used 1009K [0x00000000eab00000, 0x00000000eb300000, 0x0000000100000000)
  eden space 2048K, 0% used [0x00000000eab00000,0x00000000eab00000,0x00000000ead00000)
  from space 1024K, 98% used [0x00000000ead00000,0x00000000eadfc740,0x00000000eae00000)
  to   space 3072K, 0% used [0x00000000eb000000,0x00000000eb000000,0x00000000eb300000)
 ParOldGen       total 208384K, used 202032K [0x00000000c0000000, 0x00000000ccb80000, 0x00000000eab00000)
  object space 208384K, 96% used [0x00000000c0000000,0x00000000cc54c298,0x00000000ccb80000)
 Metaspace       used 92267K, committed 93632K, reserved 1179648K
  class space    used 9496K, committed 10112K, reserved 1048576K
}
Event: 1088.584 GC heap before
{Heap before GC invocations=1802 (full 24):
 PSYoungGen      total 3072K, used 3057K [0x00000000eab00000, 0x00000000eb300000, 0x0000000100000000)
  eden space 2048K, 100% used [0x00000000eab00000,0x00000000ead00000,0x00000000ead00000)
  from space 1024K, 98% used [0x00000000ead00000,0x00000000eadfc740,0x00000000eae00000)
  to   space 3072K, 0% used [0x00000000eb000000,0x00000000eb000000,0x00000000eb300000)
 ParOldGen       total 208384K, used 202032K [0x00000000c0000000, 0x00000000ccb80000, 0x00000000eab00000)
  object space 208384K, 96% used [0x00000000c0000000,0x00000000cc54c298,0x00000000ccb80000)
 Metaspace       used 92267K, committed 93632K, reserved 1179648K
  class space    used 9496K, committed 10112K, reserved 1048576K
}
Event: 1088.584 GC heap after
{Heap after GC invocations=1802 (full 24):
 PSYoungGen      total 4096K, used 1920K [0x00000000eab00000, 0x00000000eb200000, 0x0000000100000000)
  eden space 2048K, 0% used [0x00000000eab00000,0x00000000eab00000,0x00000000ead00000)
  from space 2048K, 93% used [0x00000000eb000000,0x00000000eb1e0000,0x00000000eb200000)
  to   space 2560K, 0% used [0x00000000ead00000,0x00000000ead00000,0x00000000eaf80000)
 ParOldGen       total 208384K, used 203082K [0x00000000c0000000, 0x00000000ccb80000, 0x00000000eab00000)
  object space 208384K, 97% used [0x00000000c0000000,0x00000000cc6529d8,0x00000000ccb80000)
 Metaspace       used 92267K, committed 93632K, reserved 1179648K
  class space    used 9496K, committed 10112K, reserved 1048576K
}
Event: 1088.586 GC heap before
{Heap before GC invocations=1803 (full 24):
 PSYoungGen      total 4096K, used 3968K [0x00000000eab00000, 0x00000000eb200000, 0x0000000100000000)
  eden space 2048K, 100% used [0x00000000eab00000,0x00000000ead00000,0x00000000ead00000)
  from space 2048K, 93% used [0x00000000eb000000,0x00000000eb1e0000,0x00000000eb200000)
  to   space 2560K, 0% used [0x00000000ead00000,0x00000000ead00000,0x00000000eaf80000)
 ParOldGen       total 208384K, used 203082K [0x00000000c0000000, 0x00000000ccb80000, 0x00000000eab00000)
  object space 208384K, 97% used [0x00000000c0000000,0x00000000cc6529d8,0x00000000ccb80000)
 Metaspace       used 92267K, committed 93632K, reserved 1179648K
  class space    used 9496K, committed 10112K, reserved 1048576K
}
Event: 1088.587 GC heap after
{Heap after GC invocations=1803 (full 24):
 PSYoungGen      total 3072K, used 640K [0x00000000eab00000, 0x00000000eb080000, 0x0000000100000000)
  eden space 2048K, 0% used [0x00000000eab00000,0x00000000eab00000,0x00000000ead00000)
  from space 1024K, 62% used [0x00000000ead00000,0x00000000eada0000,0x00000000eae00000)
  to   space 1536K, 0% used [0x00000000eaf00000,0x00000000eaf00000,0x00000000eb080000)
 ParOldGen       total 208384K, used 204882K [0x00000000c0000000, 0x00000000ccb80000, 0x00000000eab00000)
  object space 208384K, 98% used [0x00000000c0000000,0x00000000cc8149d8,0x00000000ccb80000)
 Metaspace       used 92267K, committed 93632K, reserved 1179648K
  class space    used 9496K, committed 10112K, reserved 1048576K
}
Event: 1088.814 GC heap before
{Heap before GC invocations=1804 (full 24):
 PSYoungGen      total 3072K, used 2688K [0x00000000eab00000, 0x00000000eb080000, 0x0000000100000000)
  eden space 2048K, 100% used [0x00000000eab00000,0x00000000ead00000,0x00000000ead00000)
  from space 1024K, 62% used [0x00000000ead00000,0x00000000eada0000,0x00000000eae00000)
  to   space 1536K, 0% used [0x00000000eaf00000,0x00000000eaf00000,0x00000000eb080000)
 ParOldGen       total 208384K, used 204882K [0x00000000c0000000, 0x00000000ccb80000, 0x00000000eab00000)
  object space 208384K, 98% used [0x00000000c0000000,0x00000000cc8149d8,0x00000000ccb80000)
 Metaspace       used 92268K, committed 93632K, reserved 1179648K
  class space    used 9496K, committed 10112K, reserved 1048576K
}
Event: 1088.815 GC heap after
{Heap after GC invocations=1804 (full 24):
 PSYoungGen      total 3072K, used 576K [0x00000000eab00000, 0x00000000eb000000, 0x0000000100000000)
  eden space 2048K, 0% used [0x00000000eab00000,0x00000000eab00000,0x00000000ead00000)
  from space 1024K, 56% used [0x00000000eaf00000,0x00000000eaf90000,0x00000000eb000000)
  to   space 1024K, 0% used [0x00000000ead00000,0x00000000ead00000,0x00000000eae00000)
 ParOldGen       total 208384K, used 205316K [0x00000000c0000000, 0x00000000ccb80000, 0x00000000eab00000)
  object space 208384K, 98% used [0x00000000c0000000,0x00000000cc881230,0x00000000ccb80000)
 Metaspace       used 92268K, committed 93632K, reserved 1179648K
  class space    used 9496K, committed 10112K, reserved 1048576K
}
Event: 1088.914 GC heap before
{Heap before GC invocations=1805 (full 24):
 PSYoungGen      total 3072K, used 2624K [0x00000000eab00000, 0x00000000eb000000, 0x0000000100000000)
  eden space 2048K, 100% used [0x00000000eab00000,0x00000000ead00000,0x00000000ead00000)
  from space 1024K, 56% used [0x00000000eaf00000,0x00000000eaf90000,0x00000000eb000000)
  to   space 1024K, 0% used [0x00000000ead00000,0x00000000ead00000,0x00000000eae00000)
 ParOldGen       total 208384K, used 205316K [0x00000000c0000000, 0x00000000ccb80000, 0x00000000eab00000)
  object space 208384K, 98% used [0x00000000c0000000,0x00000000cc881230,0x00000000ccb80000)
 Metaspace       used 92268K, committed 93632K, reserved 1179648K
  class space    used 9496K, committed 10112K, reserved 1048576K
}
Event: 1088.914 GC heap after
{Heap after GC invocations=1805 (full 24):
 PSYoungGen      total 3072K, used 640K [0x00000000eab00000, 0x00000000eaf80000, 0x0000000100000000)
  eden space 2048K, 0% used [0x00000000eab00000,0x00000000eab00000,0x00000000ead00000)
  from space 1024K, 62% used [0x00000000ead00000,0x00000000eada0020,0x00000000eae00000)
  to   space 1024K, 0% used [0x00000000eae80000,0x00000000eae80000,0x00000000eaf80000)
 ParOldGen       total 208384K, used 205763K [0x00000000c0000000, 0x00000000ccb80000, 0x00000000eab00000)
  object space 208384K, 98% used [0x00000000c0000000,0x00000000cc8f0c90,0x00000000ccb80000)
 Metaspace       used 92268K, committed 93632K, reserved 1179648K
  class space    used 9496K, committed 10112K, reserved 1048576K
}
Event: 1088.917 GC heap before
{Heap before GC invocations=1806 (full 24):
 PSYoungGen      total 3072K, used 2688K [0x00000000eab00000, 0x00000000eaf80000, 0x0000000100000000)
  eden space 2048K, 100% used [0x00000000eab00000,0x00000000ead00000,0x00000000ead00000)
  from space 1024K, 62% used [0x00000000ead00000,0x00000000eada0020,0x00000000eae00000)
  to   space 1024K, 0% used [0x00000000eae80000,0x00000000eae80000,0x00000000eaf80000)
 ParOldGen       total 208384K, used 205763K [0x00000000c0000000, 0x00000000ccb80000, 0x00000000eab00000)
  object space 208384K, 98% used [0x00000000c0000000,0x00000000cc8f0c90,0x00000000ccb80000)
 Metaspace       used 92268K, committed 93632K, reserved 1179648K
  class space    used 9496K, committed 10112K, reserved 1048576K
}
Event: 1088.917 GC heap after
{Heap after GC invocations=1806 (full 24):
 PSYoungGen      total 3072K, used 608K [0x00000000eab00000, 0x00000000eaf80000, 0x0000000100000000)
  eden space 2048K, 0% used [0x00000000eab00000,0x00000000eab00000,0x00000000ead00000)
  from space 1024K, 59% used [0x00000000eae80000,0x00000000eaf18000,0x00000000eaf80000)
  to   space 1024K, 0% used [0x00000000ead00000,0x00000000ead00000,0x00000000eae00000)
 ParOldGen       total 208384K, used 205915K [0x00000000c0000000, 0x00000000ccb80000, 0x00000000eab00000)
  object space 208384K, 98% used [0x00000000c0000000,0x00000000cc916cc0,0x00000000ccb80000)
 Metaspace       used 92268K, committed 93632K, reserved 1179648K
  class space    used 9496K, committed 10112K, reserved 1048576K
}
Event: 1089.091 GC heap before
{Heap before GC invocations=1807 (full 24):
 PSYoungGen      total 3072K, used 2655K [0x00000000eab00000, 0x00000000eaf80000, 0x0000000100000000)
  eden space 2048K, 99% used [0x00000000eab00000,0x00000000eacfffd8,0x00000000ead00000)
  from space 1024K, 59% used [0x00000000eae80000,0x00000000eaf18000,0x00000000eaf80000)
  to   space 1024K, 0% used [0x00000000ead00000,0x00000000ead00000,0x00000000eae00000)
 ParOldGen       total 208384K, used 205915K [0x00000000c0000000, 0x00000000ccb80000, 0x00000000eab00000)
  object space 208384K, 98% used [0x00000000c0000000,0x00000000cc916cc0,0x00000000ccb80000)
 Metaspace       used 92268K, committed 93632K, reserved 1179648K
  class space    used 9496K, committed 10112K, reserved 1048576K
}
Event: 1089.091 GC heap after
{Heap after GC invocations=1807 (full 24):
 PSYoungGen      total 3072K, used 352K [0x00000000eab00000, 0x00000000eaf00000, 0x0000000100000000)
  eden space 2048K, 0% used [0x00000000eab00000,0x00000000eab00000,0x00000000ead00000)
  from space 1024K, 34% used [0x00000000ead00000,0x00000000ead58000,0x00000000eae00000)
  to   space 512K, 0% used [0x00000000eae80000,0x00000000eae80000,0x00000000eaf00000)
 ParOldGen       total 208384K, used 205931K [0x00000000c0000000, 0x00000000ccb80000, 0x00000000eab00000)
  object space 208384K, 98% used [0x00000000c0000000,0x00000000cc91acc0,0x00000000ccb80000)
 Metaspace       used 92268K, committed 93632K, reserved 1179648K
  class space    used 9496K, committed 10112K, reserved 1048576K
}
Event: 1089.406 GC heap before
{Heap before GC invocations=1808 (full 24):
 PSYoungGen      total 3072K, used 2400K [0x00000000eab00000, 0x00000000eaf00000, 0x0000000100000000)
  eden space 2048K, 100% used [0x00000000eab00000,0x00000000ead00000,0x00000000ead00000)
  from space 1024K, 34% used [0x00000000ead00000,0x00000000ead58000,0x00000000eae00000)
  to   space 512K, 0% used [0x00000000eae80000,0x00000000eae80000,0x00000000eaf00000)
 ParOldGen       total 208384K, used 205931K [0x00000000c0000000, 0x00000000ccb80000, 0x00000000eab00000)
  object space 208384K, 98% used [0x00000000c0000000,0x00000000cc91acc0,0x00000000ccb80000)
 Metaspace       used 92284K, committed 93632K, reserved 1179648K
  class space    used 9497K, committed 10112K, reserved 1048576K
}
Event: 1089.406 GC heap after
{Heap after GC invocations=1808 (full 24):
 PSYoungGen      total 2560K, used 288K [0x00000000eab00000, 0x00000000eaf00000, 0x0000000100000000)
  eden space 2048K, 0% used [0x00000000eab00000,0x00000000eab00000,0x00000000ead00000)
  from space 512K, 56% used [0x00000000eae80000,0x00000000eaec8000,0x00000000eaf00000)
  to   space 512K, 0% used [0x00000000eae00000,0x00000000eae00000,0x00000000eae80000)
 ParOldGen       total 208384K, used 205979K [0x00000000c0000000, 0x00000000ccb80000, 0x00000000eab00000)
  object space 208384K, 98% used [0x00000000c0000000,0x00000000cc926cc0,0x00000000ccb80000)
 Metaspace       used 92284K, committed 93632K, reserved 1179648K
  class space    used 9497K, committed 10112K, reserved 1048576K
}
Event: 1089.616 GC heap before
{Heap before GC invocations=1809 (full 24):
 PSYoungGen      total 2560K, used 2336K [0x00000000eab00000, 0x00000000eaf00000, 0x0000000100000000)
  eden space 2048K, 100% used [0x00000000eab00000,0x00000000ead00000,0x00000000ead00000)
  from space 512K, 56% used [0x00000000eae80000,0x00000000eaec8000,0x00000000eaf00000)
  to   space 512K, 0% used [0x00000000eae00000,0x00000000eae00000,0x00000000eae80000)
 ParOldGen       total 208384K, used 205979K [0x00000000c0000000, 0x00000000ccb80000, 0x00000000eab00000)
  object space 208384K, 98% used [0x00000000c0000000,0x00000000cc926cc0,0x00000000ccb80000)
 Metaspace       used 92290K, committed 93632K, reserved 1179648K
  class space    used 9497K, committed 10112K, reserved 1048576K
}
Event: 1089.617 GC heap after
{Heap after GC invocations=1809 (full 24):
 PSYoungGen      total 2560K, used 500K [0x00000000eab00000, 0x00000000eaf00000, 0x0000000100000000)
  eden space 2048K, 0% used [0x00000000eab00000,0x00000000eab00000,0x00000000ead00000)
  from space 512K, 97% used [0x00000000eae00000,0x00000000eae7d308,0x00000000eae80000)
  to   space 512K, 0% used [0x00000000eae80000,0x00000000eae80000,0x00000000eaf00000)
 ParOldGen       total 208384K, used 206351K [0x00000000c0000000, 0x00000000ccb80000, 0x00000000eab00000)
  object space 208384K, 99% used [0x00000000c0000000,0x00000000cc983fc8,0x00000000ccb80000)
 Metaspace       used 92290K, committed 93632K, reserved 1179648K
  class space    used 9497K, committed 10112K, reserved 1048576K
}
Event: 1089.620 GC heap before
{Heap before GC invocations=1810 (full 24):
 PSYoungGen      total 2560K, used 2548K [0x00000000eab00000, 0x00000000eaf00000, 0x0000000100000000)
  eden space 2048K, 100% used [0x00000000eab00000,0x00000000ead00000,0x00000000ead00000)
  from space 512K, 97% used [0x00000000eae00000,0x00000000eae7d308,0x00000000eae80000)
  to   space 512K, 0% used [0x00000000eae80000,0x00000000eae80000,0x00000000eaf00000)
 ParOldGen       total 208384K, used 206351K [0x00000000c0000000, 0x00000000ccb80000, 0x00000000eab00000)
  object space 208384K, 99% used [0x00000000c0000000,0x00000000cc983fc8,0x00000000ccb80000)
 Metaspace       used 92290K, committed 93632K, reserved 1179648K
  class space    used 9497K, committed 10112K, reserved 1048576K
}
Event: 1089.622 GC heap after
{Heap after GC invocations=1810 (full 24):
 PSYoungGen      total 1024K, used 512K [0x00000000eab00000, 0x00000000eb300000, 0x0000000100000000)
  eden space 512K, 0% used [0x00000000eab00000,0x00000000eab00000,0x00000000eab80000)
  from space 512K, 100% used [0x00000000eae80000,0x00000000eaf00000,0x00000000eaf00000)
  to   space 3072K, 0% used [0x00000000eab80000,0x00000000eab80000,0x00000000eae80000)
 ParOldGen       total 208384K, used 208356K [0x00000000c0000000, 0x00000000ccb80000, 0x00000000eab00000)
  object space 208384K, 99% used [0x00000000c0000000,0x00000000ccb792d0,0x00000000ccb80000)
 Metaspace       used 92290K, committed 93632K, reserved 1179648K
  class space    used 9497K, committed 10112K, reserved 1048576K
}
Event: 1089.622 GC heap before
{Heap before GC invocations=1811 (full 25):
 PSYoungGen      total 1024K, used 1024K [0x00000000eab00000, 0x00000000eb300000, 0x0000000100000000)
  eden space 512K, 100% used [0x00000000eab00000,0x00000000eab80000,0x00000000eab80000)
  from space 512K, 100% used [0x00000000eae80000,0x00000000eaf00000,0x00000000eaf00000)
  to   space 3072K, 0% used [0x00000000eab80000,0x00000000eab80000,0x00000000eae80000)
 ParOldGen       total 208384K, used 208356K [0x00000000c0000000, 0x00000000ccb80000, 0x00000000eab00000)
  object space 208384K, 99% used [0x00000000c0000000,0x00000000ccb792d0,0x00000000ccb80000)
 Metaspace       used 92290K, committed 93632K, reserved 1179648K
  class space    used 9497K, committed 10112K, reserved 1048576K
}

