<?xml version="1.0" encoding="UTF-8"?>
<testsuite xmlns:xsi="http://www.w3.org/2001/XMLSchema-instance" xsi:noNamespaceSchemaLocation="https://maven.apache.org/surefire/maven-surefire-plugin/xsd/surefire-test-report-3.0.xsd" version="3.0" name="UtilsIOTest" time="0.1" tests="36" errors="0" skipped="0" failures="0">
  <properties>
[...]
</properties>
  <testcase name="testAskForIntegerOKIfMessageNull" classname="UtilsIOTest" time="0.008">
    <system-out><![CDATA[Introdueixi un valor enter
]]></system-out>
  </testcase>
  <testcase name="testAskForIntegerOKIfMessageEmpty" classname="UtilsIOTest" time="0.003">
    <system-out><![CDATA[Introdueixi un valor enter
]]></system-out>
  </testcase>
  <testcase name="testShowSupermarkets_listWithoutIncorrectColumns_NoException" classname="UtilsIOTest" time="0.006">
    <system-out><![CDATA[DATETIME           SUPERMARKET         CITY                       LONGITUDE    LATITUDE
-----------------------------------------------------------------------------------------
DateTime1          Supermarket1        City1                       1.000000    1.000000
DateTime2          Supermarket2        City2                       1.000000    1.000000
DateTime3          Supermarket3        City3                       1.000000    1.000000
]]></system-out>
  </testcase>
  <testcase name="testAskForFloatNotOkIfString" classname="UtilsIOTest" time="0.013">
    <system-out><![CDATA[Introdueixi alguna cosa
Error en la entrada
Introdueixi alguna cosa
Error en la entrada
Introdueixi alguna cosa
Error en la entrada
Introdueixi alguna cosa
Error en la entrada
Introdueixi alguna cosa
Error en la entrada
Introdueixi alguna cosa
]]></system-out>
  </testcase>
  <testcase name="testShowAnyMessage_headerNull_NoException" classname="UtilsIOTest" time="0.002"/>
  <testcase name="testShowInfo_contentNull_EmptoyOutput" classname="UtilsIOTest" time="0.001"/>
  <testcase name="testAskForStringOKIfErrorMessageNull" classname="UtilsIOTest" time="0.002"/>
  <testcase name="testShowMenu_contentNull_EmptoyOutput" classname="UtilsIOTest" time="0.001"/>
  <testcase name="testAskForStringNotOKIfEmpty" classname="UtilsIOTest" time="0.003"/>
  <testcase name="testAskForIntegerOKIfErrorMessageEmpty" classname="UtilsIOTest" time="0.004"/>
  <testcase name="testAskForStringOK" classname="UtilsIOTest" time="0.002"/>
  <testcase name="testShowAnyMessage_contentEmpty_NoException" classname="UtilsIOTest" time="0.003"/>
  <testcase name="testAskForIntegerNotOKIfString" classname="UtilsIOTest" time="0.002"/>
  <testcase name="testShowMenu_contentNull_NoException" classname="UtilsIOTest" time="0.001"/>
  <testcase name="testShowInfo_contentEmpty_EmptoyOutput" classname="UtilsIOTest" time="0.001"/>
  <testcase name="testAskForStringOKIfMessageNull" classname="UtilsIOTest" time="0.002"/>
  <testcase name="testShowSupermarkets_listEmpty_NoException" classname="UtilsIOTest" time="0.001"/>
  <testcase name="testShowInfo_contentNull_NoException" classname="UtilsIOTest" time="0.001"/>
  <testcase name="testAskForStringOKIfMessageEmpty" classname="UtilsIOTest" time="0.001"/>
  <testcase name="testShowSupermarkets_listNull_NoException" classname="UtilsIOTest" time="0.001"/>
  <testcase name="testShowError_contentEmpty_EmptoyOutput" classname="UtilsIOTest" time="0.0"/>
  <testcase name="testShowError_contentEmpty_NoException" classname="UtilsIOTest" time="0.001"/>
  <testcase name="testAskForFloatOK" classname="UtilsIOTest" time="0.003"/>
  <testcase name="testAskForIntegerNotOKIfFloat" classname="UtilsIOTest" time="0.002"/>
  <testcase name="testAskForIntegerOK" classname="UtilsIOTest" time="0.001"/>
  <testcase name="testShowSupermarkets_IncorrectFloatFormat_NoException" classname="UtilsIOTest" time="0.001"/>
  <testcase name="testAskForIntegerOKIfErrorMessageNull" classname="UtilsIOTest" time="0.002"/>
  <testcase name="testShowInfo_contentEmpty_NoException" classname="UtilsIOTest" time="0.001"/>
  <testcase name="testShowMenu_contentEmpty_NoException" classname="UtilsIOTest" time="0.001"/>
  <testcase name="testShowMenu_contentEmpty_EmptoyOutput" classname="UtilsIOTest" time="0.001"/>
  <testcase name="testAskForStringOKIfErrorMessageEmpty" classname="UtilsIOTest" time="0.001"/>
  <testcase name="testShowSupermarkets_listWithoutData_NoException" classname="UtilsIOTest" time="0.0"/>
  <testcase name="testShowAnyMessage_contentNull_NoException" classname="UtilsIOTest" time="0.001"/>
  <testcase name="testShowError_contentNull_EmptoyOutput" classname="UtilsIOTest" time="0.001"/>
  <testcase name="testShowAnyMessage_headerEmpty_NoException" classname="UtilsIOTest" time="0.001"/>
  <testcase name="testShowError_contentNull_NoException" classname="UtilsIOTest" time="0.001"/>
</testsuite>