<?xml version="1.0" encoding="UTF-8"?>
<testsuite xmlns:xsi="http://www.w3.org/2001/XMLSchema-instance" xsi:noNamespaceSchemaLocation="https://maven.apache.org/surefire/maven-surefire-plugin/xsd/surefire-test-report-3.0.xsd" version="3.0" name="FileUtilsTest" time="0.24" tests="27" errors="0" skipped="0" failures="0">
  <properties>
[...]
</properties>
  <testcase name="testExtractSupermarketList_FileNotExists" classname="FileUtilsTest" time="0.047"/>
  <testcase name="testExtractSupermarketList_WithContent" classname="FileUtilsTest" time="0.013"/>
  <testcase name="testFileExists_NotExists_ReturnsFalse" classname="FileUtilsTest" time="0.003"/>
  <testcase name="testExtractSupermarketList_EmptyFileName" classname="FileUtilsTest" time="0.003"/>
  <testcase name="testFileExists_ExistsAndEmpty_ReturnsTrue" classname="FileUtilsTest" time="0.004"/>
  <testcase name="testDeleteFile_NullParameter_ReturnsFalse" classname="FileUtilsTest" time="0.003"/>
  <testcase name="testInsertMarketInfoIntoFile_NullSupermarketName_NotException_ReturnsFalse" classname="FileUtilsTest" time="0.003"/>
  <testcase name="testConstructorWithUnexistingDirectoryName" classname="FileUtilsTest" time="0.005"/>
  <testcase name="testDeleteFile_NotFound_ReturnsFalse" classname="FileUtilsTest" time="0.002"/>
  <testcase name="testCreateFile_NullParameter_ReturnsFalse" classname="FileUtilsTest" time="0.002"/>
  <testcase name="testCreateFile_AlreadyExists_ReturnsFalse" classname="FileUtilsTest" time="0.005"/>
  <testcase name="testInsertMarketInfoIntoFile_NullSupermarketCityName_NotException_ReturnsFalse" classname="FileUtilsTest" time="0.003"/>
  <testcase name="testExtractSupermarketList_NullFileName" classname="FileUtilsTest" time="0.002"/>
  <testcase name="testInsertMarketInfoIntoFile_EmptyFileName_NotException_ReturnsFalse" classname="FileUtilsTest" time="0.004"/>
  <testcase name="testCreateFile_EmptyParameter_ReturnsFalse" classname="FileUtilsTest" time="0.002"/>
  <testcase name="testInsertMarketInfoIntoFile_HappyPath" classname="FileUtilsTest" time="0.022"/>
  <testcase name="testCreateFile_Success" classname="FileUtilsTest" time="0.003"/>
  <testcase name="testFileExists_EmptyFilename_ReturnsFalse" classname="FileUtilsTest" time="0.002"/>
  <testcase name="testDeleteFile_EmptyParameter_ReturnsFalse" classname="FileUtilsTest" time="0.002"/>
  <testcase name="testFileExists_ExistsAndNotEmpty_ReturnsTrue" classname="FileUtilsTest" time="0.004"/>
  <testcase name="testInsertMarketInfoIntoFile_EmptySupermarketName_NotException_ReturnsFalse" classname="FileUtilsTest" time="0.003"/>
  <testcase name="testConstructorWithExistingDirectoryName" classname="FileUtilsTest" time="0.003"/>
  <testcase name="testInsertMarketInfoIntoFile_EmptySupermarketCityName_NotException_ReturnsFalse" classname="FileUtilsTest" time="0.005"/>
  <testcase name="testFileExists_NullFilename_ReturnsFalse" classname="FileUtilsTest" time="0.003"/>
  <testcase name="testInsertMarketInfoIntoFile_NullFileName_NotException_ReturnsFalse" classname="FileUtilsTest" time="0.002"/>
  <testcase name="testExtractSupermarketList_EmptyFile" classname="FileUtilsTest" time="0.004"/>
  <testcase name="testDeleteFile_Success" classname="FileUtilsTest" time="0.004"/>
</testsuite>